{
"/Users/andeladeveloper/Desktop/Document_Manager/build/server.js":{"path":"/Users/andeladeveloper/Desktop/Document_Manager/build/server.js","s":{"1":1,"2":1,"3":1,"4":1,"5":1,"6":1,"7":1,"8":1},"b":{"1":[1,1]},"f":{},"fnMap":{},"statementMap":{"1":{"start":{"line":4,"column":0},"end":{"line":4,"column":27}},"2":{"start":{"line":5,"column":0},"end":{"line":5,"column":27}},"3":{"start":{"line":7,"column":0},"end":{"line":7,"column":50}},"4":{"start":{"line":8,"column":0},"end":{"line":8,"column":22}},"5":{"start":{"line":10,"column":0},"end":{"line":10,"column":36}},"6":{"start":{"line":11,"column":0},"end":{"line":11,"column":20}},"7":{"start":{"line":12,"column":0},"end":{"line":12,"column":40}},"8":{"start":{"line":14,"column":0},"end":{"line":14,"column":24}}},"branchMap":{"1":{"line":7,"type":"binary-expr","locations":[{"start":{"line":7,"column":11},"end":{"line":7,"column":41}},{"start":{"line":7,"column":45},"end":{"line":7,"column":49}}]}},"l":{"4":1,"5":1,"7":1,"8":1,"10":1,"11":1,"12":1,"14":1}},
"/Users/andeladeveloper/Desktop/Document_Manager/build/app.js":{"path":"/Users/andeladeveloper/Desktop/Document_Manager/build/app.js","s":{"1":1,"2":1,"3":1,"4":1,"5":1,"6":1,"7":1,"8":1,"9":1,"10":24,"11":24,"12":24,"13":24,"14":0,"15":24,"16":1,"17":1,"18":0,"19":1},"b":{},"f":{"1":24,"2":0},"fnMap":{"1":{"name":"errorFormatter","line":17,"loc":{"start":{"line":17,"column":18},"end":{"line":17,"column":61}}},"2":{"name":"(anonymous_2)","line":35,"loc":{"start":{"line":35,"column":13},"end":{"line":35,"column":33}}}},"statementMap":{"1":{"start":{"line":3,"column":0},"end":{"line":3,"column":33}},"2":{"start":{"line":4,"column":0},"end":{"line":4,"column":31}},"3":{"start":{"line":5,"column":0},"end":{"line":5,"column":40}},"4":{"start":{"line":6,"column":0},"end":{"line":6,"column":52}},"5":{"start":{"line":8,"column":0},"end":{"line":8,"column":20}},"6":{"start":{"line":10,"column":0},"end":{"line":10,"column":23}},"7":{"start":{"line":12,"column":0},"end":{"line":12,"column":52}},"8":{"start":{"line":15,"column":0},"end":{"line":15,"column":27}},"9":{"start":{"line":16,"column":0},"end":{"line":30,"column":4}},"10":{"start":{"line":18,"column":4},"end":{"line":18,"column":37}},"11":{"start":{"line":19,"column":4},"end":{"line":19,"column":33}},"12":{"start":{"line":20,"column":4},"end":{"line":20,"column":25}},"13":{"start":{"line":21,"column":4},"end":{"line":23,"column":5}},"14":{"start":{"line":22,"column":6},"end":{"line":22,"column":49}},"15":{"start":{"line":24,"column":4},"end":{"line":28,"column":6}},"16":{"start":{"line":33,"column":0},"end":{"line":33,"column":24}},"17":{"start":{"line":35,"column":0},"end":{"line":39,"column":3}},"18":{"start":{"line":36,"column":2},"end":{"line":38,"column":5}},"19":{"start":{"line":41,"column":0},"end":{"line":41,"column":21}}},"branchMap":{},"l":{"3":1,"4":1,"5":1,"6":1,"8":1,"10":1,"12":1,"15":1,"16":1,"18":24,"19":24,"20":24,"21":24,"22":0,"24":24,"33":1,"35":1,"36":0,"41":1}},
"/Users/andeladeveloper/Desktop/Document_Manager/build/route/index.js":{"path":"/Users/andeladeveloper/Desktop/Document_Manager/build/route/index.js","s":{"1":1,"2":1,"3":1,"4":1,"5":1,"6":1,"7":0,"8":1,"9":1,"10":1,"11":1,"12":1,"13":1,"14":1,"15":1,"16":1,"17":1,"18":1,"19":1,"20":1,"21":1,"22":1,"23":1,"24":1},"b":{},"f":{"1":1,"2":0},"fnMap":{"1":{"name":"(anonymous_1)","line":10,"loc":{"start":{"line":10,"column":17},"end":{"line":10,"column":32}}},"2":{"name":"(anonymous_2)","line":11,"loc":{"start":{"line":11,"column":21},"end":{"line":11,"column":41}}}},"statementMap":{"1":{"start":{"line":3,"column":0},"end":{"line":3,"column":54}},"2":{"start":{"line":4,"column":0},"end":{"line":4,"column":54}},"3":{"start":{"line":5,"column":0},"end":{"line":5,"column":62}},"4":{"start":{"line":6,"column":0},"end":{"line":6,"column":55}},"5":{"start":{"line":10,"column":0},"end":{"line":33,"column":2}},"6":{"start":{"line":11,"column":2},"end":{"line":15,"column":5}},"7":{"start":{"line":12,"column":4},"end":{"line":14,"column":7}},"8":{"start":{"line":16,"column":2},"end":{"line":16,"column":63}},"9":{"start":{"line":17,"column":2},"end":{"line":17,"column":67}},"10":{"start":{"line":18,"column":2},"end":{"line":18,"column":66}},"11":{"start":{"line":19,"column":2},"end":{"line":19,"column":53}},"12":{"start":{"line":20,"column":2},"end":{"line":20,"column":67}},"13":{"start":{"line":21,"column":2},"end":{"line":21,"column":62}},"14":{"start":{"line":22,"column":2},"end":{"line":22,"column":67}},"15":{"start":{"line":23,"column":2},"end":{"line":23,"column":66}},"16":{"start":{"line":24,"column":2},"end":{"line":24,"column":74}},"17":{"start":{"line":25,"column":2},"end":{"line":25,"column":69}},"18":{"start":{"line":26,"column":2},"end":{"line":26,"column":76}},"19":{"start":{"line":27,"column":2},"end":{"line":27,"column":90}},"20":{"start":{"line":28,"column":2},"end":{"line":28,"column":79}},"21":{"start":{"line":29,"column":2},"end":{"line":29,"column":79}},"22":{"start":{"line":30,"column":2},"end":{"line":30,"column":82}},"23":{"start":{"line":31,"column":2},"end":{"line":31,"column":90}},"24":{"start":{"line":32,"column":2},"end":{"line":32,"column":85}}},"branchMap":{},"l":{"3":1,"4":1,"5":1,"6":1,"10":1,"11":1,"12":0,"16":1,"17":1,"18":1,"19":1,"20":1,"21":1,"22":1,"23":1,"24":1,"25":1,"26":1,"27":1,"28":1,"29":1,"30":1,"31":1,"32":1}},
"/Users/andeladeveloper/Desktop/Document_Manager/build/controllers/index.js":{"path":"/Users/andeladeveloper/Desktop/Document_Manager/build/controllers/index.js","s":{"1":1,"2":1,"3":1,"4":1},"b":{},"f":{},"fnMap":{},"statementMap":{"1":{"start":{"line":3,"column":0},"end":{"line":3,"column":31}},"2":{"start":{"line":4,"column":0},"end":{"line":4,"column":31}},"3":{"start":{"line":5,"column":0},"end":{"line":5,"column":42}},"4":{"start":{"line":7,"column":0},"end":{"line":11,"column":2}}},"branchMap":{},"l":{"3":1,"4":1,"5":1,"7":1}},
"/Users/andeladeveloper/Desktop/Document_Manager/build/controllers/roles.js":{"path":"/Users/andeladeveloper/Desktop/Document_Manager/build/controllers/roles.js","s":{"1":1,"2":1,"3":1,"4":2,"5":2,"6":1,"7":1,"8":0,"9":1,"10":1,"11":1,"12":1,"13":1,"14":0,"15":0,"16":3,"17":3,"18":3,"19":2,"20":2,"21":1,"22":1,"23":1,"24":1,"25":0,"26":1},"b":{"1":[1,1],"2":[1,0],"3":[2,1],"4":[1,1]},"f":{"1":2,"2":1,"3":0,"4":1,"5":1,"6":0,"7":3,"8":2,"9":1,"10":0},"fnMap":{"1":{"name":"getAllRoles","line":7,"loc":{"start":{"line":7,"column":15},"end":{"line":7,"column":46}}},"2":{"name":"(anonymous_2)","line":11,"loc":{"start":{"line":11,"column":29},"end":{"line":11,"column":46}}},"3":{"name":"(anonymous_3)","line":13,"loc":{"start":{"line":13,"column":15},"end":{"line":13,"column":32}}},"4":{"name":"create","line":19,"loc":{"start":{"line":19,"column":10},"end":{"line":19,"column":36}}},"5":{"name":"(anonymous_5)","line":24,"loc":{"start":{"line":24,"column":14},"end":{"line":24,"column":30}}},"6":{"name":"(anonymous_6)","line":26,"loc":{"start":{"line":26,"column":15},"end":{"line":26,"column":32}}},"7":{"name":"updateRole","line":32,"loc":{"start":{"line":32,"column":14},"end":{"line":32,"column":44}}},"8":{"name":"(anonymous_8)","line":41,"loc":{"start":{"line":41,"column":14},"end":{"line":41,"column":26}}},"9":{"name":"(anonymous_9)","line":43,"loc":{"start":{"line":43,"column":88},"end":{"line":43,"column":110}}},"10":{"name":"(anonymous_10)","line":54,"loc":{"start":{"line":54,"column":15},"end":{"line":54,"column":32}}}},"statementMap":{"1":{"start":{"line":3,"column":0},"end":{"line":3,"column":37}},"2":{"start":{"line":4,"column":0},"end":{"line":4,"column":37}},"3":{"start":{"line":6,"column":0},"end":{"line":60,"column":2}},"4":{"start":{"line":9,"column":4},"end":{"line":9,"column":39}},"5":{"start":{"line":10,"column":4},"end":{"line":16,"column":5}},"6":{"start":{"line":11,"column":6},"end":{"line":15,"column":9}},"7":{"start":{"line":12,"column":8},"end":{"line":12,"column":43}},"8":{"start":{"line":14,"column":8},"end":{"line":14,"column":53}},"9":{"start":{"line":17,"column":4},"end":{"line":17,"column":78}},"10":{"start":{"line":20,"column":4},"end":{"line":20,"column":39}},"11":{"start":{"line":21,"column":4},"end":{"line":29,"column":5}},"12":{"start":{"line":22,"column":6},"end":{"line":28,"column":9}},"13":{"start":{"line":25,"column":8},"end":{"line":25,"column":42}},"14":{"start":{"line":27,"column":8},"end":{"line":27,"column":43}},"15":{"start":{"line":30,"column":4},"end":{"line":30,"column":75}},"16":{"start":{"line":33,"column":4},"end":{"line":33,"column":39}},"17":{"start":{"line":34,"column":4},"end":{"line":34,"column":50}},"18":{"start":{"line":35,"column":4},"end":{"line":57,"column":5}},"19":{"start":{"line":36,"column":6},"end":{"line":56,"column":9}},"20":{"start":{"line":42,"column":8},"end":{"line":53,"column":9}},"21":{"start":{"line":43,"column":10},"end":{"line":50,"column":13}},"22":{"start":{"line":44,"column":12},"end":{"line":48,"column":14}},"23":{"start":{"line":49,"column":12},"end":{"line":49,"column":27}},"24":{"start":{"line":52,"column":10},"end":{"line":52,"column":59}},"25":{"start":{"line":55,"column":8},"end":{"line":55,"column":53}},"26":{"start":{"line":58,"column":4},"end":{"line":58,"column":73}}},"branchMap":{"1":{"line":10,"type":"if","locations":[{"start":{"line":10,"column":4},"end":{"line":10,"column":4}},{"start":{"line":10,"column":4},"end":{"line":10,"column":4}}]},"2":{"line":21,"type":"if","locations":[{"start":{"line":21,"column":4},"end":{"line":21,"column":4}},{"start":{"line":21,"column":4},"end":{"line":21,"column":4}}]},"3":{"line":35,"type":"if","locations":[{"start":{"line":35,"column":4},"end":{"line":35,"column":4}},{"start":{"line":35,"column":4},"end":{"line":35,"column":4}}]},"4":{"line":42,"type":"if","locations":[{"start":{"line":42,"column":8},"end":{"line":42,"column":8}},{"start":{"line":42,"column":8},"end":{"line":42,"column":8}}]}},"l":{"3":1,"4":1,"6":1,"9":2,"10":2,"11":1,"12":1,"14":0,"17":1,"20":1,"21":1,"22":1,"25":1,"27":0,"30":0,"33":3,"34":3,"35":3,"36":2,"42":2,"43":1,"44":1,"49":1,"52":1,"55":0,"58":1}},
"/Users/andeladeveloper/Desktop/Document_Manager/build/models/index.js":{"path":"/Users/andeladeveloper/Desktop/Document_Manager/build/models/index.js","s":{"1":1,"2":1,"3":1,"4":1,"5":1,"6":1,"7":1,"8":1,"9":1,"10":0,"11":1,"12":1,"13":4,"14":3,"15":3,"16":1,"17":3,"18":0,"19":1,"20":1,"21":1},"b":{"1":[1,0],"2":[0,1],"3":[4,4,3],"4":[0,3]},"f":{"1":4,"2":3,"3":3},"fnMap":{"1":{"name":"(anonymous_1)","line":21,"loc":{"start":{"line":21,"column":33},"end":{"line":21,"column":49}}},"2":{"name":"(anonymous_2)","line":23,"loc":{"start":{"line":23,"column":11},"end":{"line":23,"column":27}}},"3":{"name":"(anonymous_3)","line":28,"loc":{"start":{"line":28,"column":24},"end":{"line":28,"column":45}}}},"statementMap":{"1":{"start":{"line":3,"column":0},"end":{"line":3,"column":23}},"2":{"start":{"line":4,"column":0},"end":{"line":4,"column":27}},"3":{"start":{"line":5,"column":0},"end":{"line":5,"column":37}},"4":{"start":{"line":7,"column":0},"end":{"line":7,"column":46}},"5":{"start":{"line":8,"column":0},"end":{"line":8,"column":48}},"6":{"start":{"line":10,"column":0},"end":{"line":10,"column":49}},"7":{"start":{"line":12,"column":0},"end":{"line":12,"column":12}},"8":{"start":{"line":14,"column":0},"end":{"line":14,"column":23}},"9":{"start":{"line":15,"column":0},"end":{"line":19,"column":1}},"10":{"start":{"line":16,"column":2},"end":{"line":16,"column":66}},"11":{"start":{"line":18,"column":2},"end":{"line":18,"column":87}},"12":{"start":{"line":21,"column":0},"end":{"line":26,"column":3}},"13":{"start":{"line":22,"column":2},"end":{"line":22,"column":82}},"14":{"start":{"line":24,"column":2},"end":{"line":24,"column":59}},"15":{"start":{"line":25,"column":2},"end":{"line":25,"column":25}},"16":{"start":{"line":28,"column":0},"end":{"line":32,"column":3}},"17":{"start":{"line":29,"column":2},"end":{"line":31,"column":3}},"18":{"start":{"line":30,"column":4},"end":{"line":30,"column":32}},"19":{"start":{"line":34,"column":0},"end":{"line":34,"column":25}},"20":{"start":{"line":35,"column":0},"end":{"line":35,"column":25}},"21":{"start":{"line":37,"column":0},"end":{"line":37,"column":20}}},"branchMap":{"1":{"line":8,"type":"binary-expr","locations":[{"start":{"line":8,"column":10},"end":{"line":8,"column":30}},{"start":{"line":8,"column":34},"end":{"line":8,"column":47}}]},"2":{"line":15,"type":"if","locations":[{"start":{"line":15,"column":0},"end":{"line":15,"column":0}},{"start":{"line":15,"column":0},"end":{"line":15,"column":0}}]},"3":{"line":22,"type":"binary-expr","locations":[{"start":{"line":22,"column":9},"end":{"line":22,"column":32}},{"start":{"line":22,"column":36},"end":{"line":22,"column":53}},{"start":{"line":22,"column":57},"end":{"line":22,"column":81}}]},"4":{"line":29,"type":"if","locations":[{"start":{"line":29,"column":2},"end":{"line":29,"column":2}},{"start":{"line":29,"column":2},"end":{"line":29,"column":2}}]}},"l":{"3":1,"4":1,"5":1,"7":1,"8":1,"10":1,"12":1,"14":1,"15":1,"16":0,"18":1,"21":1,"22":4,"24":3,"25":3,"28":1,"29":3,"30":0,"34":1,"35":1,"37":1}},
"/Users/andeladeveloper/Desktop/Document_Manager/build/models/document.js":{"path":"/Users/andeladeveloper/Desktop/Document_Manager/build/models/document.js","s":{"1":1,"2":1,"3":0,"4":0,"5":1},"b":{},"f":{"1":1,"2":0},"fnMap":{"1":{"name":"(anonymous_1)","line":3,"loc":{"start":{"line":3,"column":17},"end":{"line":3,"column":49}}},"2":{"name":"associate","line":12,"loc":{"start":{"line":12,"column":17},"end":{"line":12,"column":44}}}},"statementMap":{"1":{"start":{"line":3,"column":0},"end":{"line":25,"column":2}},"2":{"start":{"line":4,"column":2},"end":{"line":23,"column":5}},"3":{"start":{"line":13,"column":8},"end":{"line":16,"column":11}},"4":{"start":{"line":17,"column":8},"end":{"line":20,"column":11}},"5":{"start":{"line":24,"column":2},"end":{"line":24,"column":18}}},"branchMap":{},"l":{"3":1,"4":1,"13":0,"17":0,"24":1}},
"/Users/andeladeveloper/Desktop/Document_Manager/build/models/role.js":{"path":"/Users/andeladeveloper/Desktop/Document_Manager/build/models/role.js","s":{"1":1,"2":1,"3":0,"4":0,"5":1},"b":{},"f":{"1":1,"2":0},"fnMap":{"1":{"name":"(anonymous_1)","line":3,"loc":{"start":{"line":3,"column":17},"end":{"line":3,"column":49}}},"2":{"name":"associate","line":8,"loc":{"start":{"line":8,"column":17},"end":{"line":8,"column":44}}}},"statementMap":{"1":{"start":{"line":3,"column":0},"end":{"line":23,"column":2}},"2":{"start":{"line":4,"column":2},"end":{"line":21,"column":5}},"3":{"start":{"line":10,"column":8},"end":{"line":13,"column":11}},"4":{"start":{"line":15,"column":8},"end":{"line":18,"column":11}},"5":{"start":{"line":22,"column":2},"end":{"line":22,"column":14}}},"branchMap":{},"l":{"3":1,"4":1,"10":0,"15":0,"22":1}},
"/Users/andeladeveloper/Desktop/Document_Manager/build/models/user.js":{"path":"/Users/andeladeveloper/Desktop/Document_Manager/build/models/user.js","s":{"1":1,"2":1,"3":0,"4":0,"5":1},"b":{},"f":{"1":1,"2":0},"fnMap":{"1":{"name":"(anonymous_1)","line":3,"loc":{"start":{"line":3,"column":17},"end":{"line":3,"column":49}}},"2":{"name":"associate","line":11,"loc":{"start":{"line":11,"column":17},"end":{"line":11,"column":44}}}},"statementMap":{"1":{"start":{"line":3,"column":0},"end":{"line":25,"column":2}},"2":{"start":{"line":4,"column":2},"end":{"line":23,"column":5}},"3":{"start":{"line":13,"column":8},"end":{"line":16,"column":11}},"4":{"start":{"line":17,"column":8},"end":{"line":20,"column":11}},"5":{"start":{"line":24,"column":2},"end":{"line":24,"column":14}}},"branchMap":{},"l":{"3":1,"4":1,"13":0,"17":0,"24":1}},
"/Users/andeladeveloper/Desktop/Document_Manager/build/controllers/users.js":{"path":"/Users/andeladeveloper/Desktop/Document_Manager/build/controllers/users.js","s":{"1":1,"2":1,"3":1,"4":1,"5":1,"6":1,"7":4,"8":4,"9":4,"10":4,"11":1,"12":1,"13":3,"14":3,"15":3,"16":3,"17":3,"18":0,"19":3,"20":3,"21":3,"22":3,"23":3,"24":3,"25":3,"26":3,"27":3,"28":0,"29":0,"30":2,"31":2,"32":2,"33":2,"34":2,"35":2,"36":2,"37":2,"38":0,"39":1,"40":1,"41":0,"42":1,"43":1,"44":0,"45":1,"46":1,"47":1,"48":1,"49":0,"50":2,"51":2,"52":2,"53":2,"54":2,"55":2,"56":2,"57":2,"58":2,"59":2,"60":1,"61":1,"62":2,"63":2,"64":1,"65":1,"66":1,"67":0},"b":{"1":[1,3],"2":[3,0],"3":[0,3],"4":[2,0],"5":[1,0],"6":[1,1],"7":[1,1],"8":[0,2],"9":[0,2],"10":[1,1],"11":[1,1]},"f":{"1":4,"2":4,"3":3,"4":3,"5":3,"6":0,"7":2,"8":2,"9":0,"10":1,"11":1,"12":0,"13":1,"14":1,"15":0,"16":1,"17":1,"18":1,"19":0,"20":2,"21":2,"22":2,"23":2,"24":0},"fnMap":{"1":{"name":"addUser","line":10,"loc":{"start":{"line":10,"column":11},"end":{"line":10,"column":38}}},"2":{"name":"(anonymous_2)","line":11,"loc":{"start":{"line":11,"column":31},"end":{"line":11,"column":49}}},"3":{"name":"(anonymous_3)","line":19,"loc":{"start":{"line":19,"column":69},"end":{"line":19,"column":90}}},"4":{"name":"(anonymous_4)","line":21,"loc":{"start":{"line":21,"column":45},"end":{"line":21,"column":66}}},"5":{"name":"(anonymous_5)","line":30,"loc":{"start":{"line":30,"column":20},"end":{"line":30,"column":36}}},"6":{"name":"(anonymous_6)","line":50,"loc":{"start":{"line":50,"column":15},"end":{"line":50,"column":27}}},"7":{"name":"logginUser","line":59,"loc":{"start":{"line":59,"column":14},"end":{"line":59,"column":44}}},"8":{"name":"(anonymous_8)","line":64,"loc":{"start":{"line":64,"column":12},"end":{"line":64,"column":28}}},"9":{"name":"(anonymous_9)","line":77,"loc":{"start":{"line":77,"column":13},"end":{"line":77,"column":30}}},"10":{"name":"getUser","line":81,"loc":{"start":{"line":81,"column":11},"end":{"line":81,"column":38}}},"11":{"name":"(anonymous_11)","line":86,"loc":{"start":{"line":86,"column":12},"end":{"line":86,"column":28}}},"12":{"name":"(anonymous_12)","line":88,"loc":{"start":{"line":88,"column":13},"end":{"line":88,"column":30}}},"13":{"name":"getAllUsers","line":92,"loc":{"start":{"line":92,"column":15},"end":{"line":92,"column":46}}},"14":{"name":"(anonymous_14)","line":93,"loc":{"start":{"line":93,"column":27},"end":{"line":93,"column":44}}},"15":{"name":"(anonymous_15)","line":95,"loc":{"start":{"line":95,"column":13},"end":{"line":95,"column":30}}},"16":{"name":"updateUser","line":99,"loc":{"start":{"line":99,"column":14},"end":{"line":99,"column":44}}},"17":{"name":"(anonymous_17)","line":104,"loc":{"start":{"line":104,"column":12},"end":{"line":104,"column":28}}},"18":{"name":"(anonymous_18)","line":110,"loc":{"start":{"line":110,"column":14},"end":{"line":110,"column":36}}},"19":{"name":"(anonymous_19)","line":118,"loc":{"start":{"line":118,"column":13},"end":{"line":118,"column":30}}},"20":{"name":"searchUsers","line":122,"loc":{"start":{"line":122,"column":15},"end":{"line":122,"column":46}}},"21":{"name":"(anonymous_21)","line":139,"loc":{"start":{"line":139,"column":44},"end":{"line":139,"column":61}}},"22":{"name":"deleteUser","line":152,"loc":{"start":{"line":152,"column":14},"end":{"line":152,"column":44}}},"23":{"name":"(anonymous_23)","line":157,"loc":{"start":{"line":157,"column":12},"end":{"line":157,"column":28}}},"24":{"name":"(anonymous_24)","line":170,"loc":{"start":{"line":170,"column":13},"end":{"line":170,"column":30}}}},"statementMap":{"1":{"start":{"line":3,"column":0},"end":{"line":3,"column":37}},"2":{"start":{"line":4,"column":0},"end":{"line":4,"column":69}},"3":{"start":{"line":5,"column":0},"end":{"line":5,"column":34}},"4":{"start":{"line":6,"column":0},"end":{"line":6,"column":45}},"5":{"start":{"line":7,"column":0},"end":{"line":7,"column":31}},"6":{"start":{"line":9,"column":0},"end":{"line":174,"column":2}},"7":{"start":{"line":11,"column":4},"end":{"line":57,"column":7}},"8":{"start":{"line":12,"column":6},"end":{"line":12,"column":43}},"9":{"start":{"line":13,"column":6},"end":{"line":13,"column":38}},"10":{"start":{"line":14,"column":6},"end":{"line":17,"column":7}},"11":{"start":{"line":15,"column":8},"end":{"line":15,"column":33}},"12":{"start":{"line":16,"column":8},"end":{"line":16,"column":18}},"13":{"start":{"line":18,"column":6},"end":{"line":18,"column":33}},"14":{"start":{"line":19,"column":6},"end":{"line":56,"column":9}},"15":{"start":{"line":20,"column":8},"end":{"line":49,"column":9}},"16":{"start":{"line":21,"column":10},"end":{"line":48,"column":13}},"17":{"start":{"line":22,"column":12},"end":{"line":24,"column":13}},"18":{"start":{"line":23,"column":14},"end":{"line":23,"column":28}},"19":{"start":{"line":25,"column":12},"end":{"line":25,"column":36}},"20":{"start":{"line":26,"column":12},"end":{"line":47,"column":15}},"21":{"start":{"line":31,"column":14},"end":{"line":31,"column":35}},"22":{"start":{"line":32,"column":14},"end":{"line":32,"column":41}},"23":{"start":{"line":33,"column":14},"end":{"line":33,"column":39}},"24":{"start":{"line":34,"column":14},"end":{"line":38,"column":16}},"25":{"start":{"line":39,"column":14},"end":{"line":39,"column":102}},"26":{"start":{"line":40,"column":14},"end":{"line":45,"column":16}},"27":{"start":{"line":46,"column":14},"end":{"line":46,"column":41}},"28":{"start":{"line":51,"column":8},"end":{"line":54,"column":10}},"29":{"start":{"line":55,"column":8},"end":{"line":55,"column":42}},"30":{"start":{"line":60,"column":4},"end":{"line":79,"column":7}},"31":{"start":{"line":65,"column":6},"end":{"line":76,"column":7}},"32":{"start":{"line":66,"column":8},"end":{"line":66,"column":29}},"33":{"start":{"line":67,"column":8},"end":{"line":67,"column":35}},"34":{"start":{"line":68,"column":8},"end":{"line":68,"column":33}},"35":{"start":{"line":69,"column":8},"end":{"line":73,"column":10}},"36":{"start":{"line":74,"column":8},"end":{"line":74,"column":96}},"37":{"start":{"line":75,"column":8},"end":{"line":75,"column":49}},"38":{"start":{"line":78,"column":6},"end":{"line":78,"column":41}},"39":{"start":{"line":82,"column":4},"end":{"line":90,"column":7}},"40":{"start":{"line":87,"column":6},"end":{"line":87,"column":40}},"41":{"start":{"line":89,"column":6},"end":{"line":89,"column":41}},"42":{"start":{"line":93,"column":4},"end":{"line":97,"column":7}},"43":{"start":{"line":94,"column":6},"end":{"line":94,"column":41}},"44":{"start":{"line":96,"column":6},"end":{"line":96,"column":51}},"45":{"start":{"line":100,"column":4},"end":{"line":120,"column":7}},"46":{"start":{"line":105,"column":6},"end":{"line":117,"column":9}},"47":{"start":{"line":111,"column":8},"end":{"line":115,"column":10}},"48":{"start":{"line":116,"column":8},"end":{"line":116,"column":23}},"49":{"start":{"line":119,"column":6},"end":{"line":119,"column":51}},"50":{"start":{"line":123,"column":4},"end":{"line":123,"column":40}},"51":{"start":{"line":124,"column":4},"end":{"line":124,"column":28}},"52":{"start":{"line":126,"column":4},"end":{"line":134,"column":6}},"53":{"start":{"line":136,"column":4},"end":{"line":136,"column":61}},"54":{"start":{"line":137,"column":4},"end":{"line":137,"column":63}},"55":{"start":{"line":138,"column":4},"end":{"line":138,"column":32}},"56":{"start":{"line":139,"column":4},"end":{"line":150,"column":7}},"57":{"start":{"line":140,"column":6},"end":{"line":140,"column":25}},"58":{"start":{"line":141,"column":6},"end":{"line":141,"column":81}},"59":{"start":{"line":142,"column":6},"end":{"line":146,"column":7}},"60":{"start":{"line":143,"column":8},"end":{"line":145,"column":11}},"61":{"start":{"line":147,"column":6},"end":{"line":149,"column":9}},"62":{"start":{"line":153,"column":4},"end":{"line":172,"column":7}},"63":{"start":{"line":158,"column":6},"end":{"line":169,"column":7}},"64":{"start":{"line":159,"column":8},"end":{"line":163,"column":10}},"65":{"start":{"line":164,"column":8},"end":{"line":164,"column":23}},"66":{"start":{"line":166,"column":8},"end":{"line":168,"column":11}},"67":{"start":{"line":171,"column":6},"end":{"line":171,"column":51}}},"branchMap":{"1":{"line":14,"type":"if","locations":[{"start":{"line":14,"column":6},"end":{"line":14,"column":6}},{"start":{"line":14,"column":6},"end":{"line":14,"column":6}}]},"2":{"line":20,"type":"if","locations":[{"start":{"line":20,"column":8},"end":{"line":20,"column":8}},{"start":{"line":20,"column":8},"end":{"line":20,"column":8}}]},"3":{"line":22,"type":"if","locations":[{"start":{"line":22,"column":12},"end":{"line":22,"column":12}},{"start":{"line":22,"column":12},"end":{"line":22,"column":12}}]},"4":{"line":65,"type":"if","locations":[{"start":{"line":65,"column":6},"end":{"line":65,"column":6}},{"start":{"line":65,"column":6},"end":{"line":65,"column":6}}]},"5":{"line":106,"type":"binary-expr","locations":[{"start":{"line":106,"column":18},"end":{"line":106,"column":35}},{"start":{"line":106,"column":39},"end":{"line":106,"column":52}}]},"6":{"line":107,"type":"binary-expr","locations":[{"start":{"line":107,"column":18},"end":{"line":107,"column":35}},{"start":{"line":107,"column":39},"end":{"line":107,"column":52}}]},"7":{"line":108,"type":"binary-expr","locations":[{"start":{"line":108,"column":15},"end":{"line":108,"column":29}},{"start":{"line":108,"column":33},"end":{"line":108,"column":43}}]},"8":{"line":136,"type":"cond-expr","locations":[{"start":{"line":136,"column":40},"end":{"line":136,"column":55}},{"start":{"line":136,"column":58},"end":{"line":136,"column":60}}]},"9":{"line":137,"type":"cond-expr","locations":[{"start":{"line":137,"column":42},"end":{"line":137,"column":58}},{"start":{"line":137,"column":61},"end":{"line":137,"column":62}}]},"10":{"line":142,"type":"if","locations":[{"start":{"line":142,"column":6},"end":{"line":142,"column":6}},{"start":{"line":142,"column":6},"end":{"line":142,"column":6}}]},"11":{"line":158,"type":"if","locations":[{"start":{"line":158,"column":6},"end":{"line":158,"column":6}},{"start":{"line":158,"column":6},"end":{"line":158,"column":6}}]}},"l":{"3":1,"4":1,"5":1,"6":1,"7":1,"9":1,"11":4,"12":4,"13":4,"14":4,"15":1,"16":1,"18":3,"19":3,"20":3,"21":3,"22":3,"23":0,"25":3,"26":3,"31":3,"32":3,"33":3,"34":3,"39":3,"40":3,"46":3,"51":0,"55":0,"60":2,"65":2,"66":2,"67":2,"68":2,"69":2,"74":2,"75":2,"78":0,"82":1,"87":1,"89":0,"93":1,"94":1,"96":0,"100":1,"105":1,"111":1,"116":1,"119":0,"123":2,"124":2,"126":2,"136":2,"137":2,"138":2,"139":2,"140":2,"141":2,"142":2,"143":1,"147":1,"153":2,"158":2,"159":1,"164":1,"166":1,"171":0}},
"/Users/andeladeveloper/Desktop/Document_Manager/build/helper/profile.js":{"path":"/Users/andeladeveloper/Desktop/Document_Manager/build/helper/profile.js","s":{"1":1,"2":4,"3":4,"4":4,"5":4,"6":4,"7":1,"8":2,"9":2,"10":2,"11":2,"12":2,"13":1},"b":{},"f":{"1":4,"2":2},"fnMap":{"1":{"name":"verifyUserParams","line":9,"loc":{"start":{"line":9,"column":23},"end":{"line":9,"column":58}}},"2":{"name":"verifyDocParams","line":16,"loc":{"start":{"line":16,"column":22},"end":{"line":16,"column":56}}}},"statementMap":{"1":{"start":{"line":9,"column":0},"end":{"line":15,"column":2}},"2":{"start":{"line":10,"column":2},"end":{"line":10,"column":70}},"3":{"start":{"line":11,"column":2},"end":{"line":11,"column":70}},"4":{"start":{"line":12,"column":2},"end":{"line":12,"column":64}},"5":{"start":{"line":13,"column":2},"end":{"line":13,"column":71}},"6":{"start":{"line":14,"column":2},"end":{"line":14,"column":39}},"7":{"start":{"line":16,"column":0},"end":{"line":22,"column":2}},"8":{"start":{"line":17,"column":2},"end":{"line":17,"column":64}},"9":{"start":{"line":18,"column":2},"end":{"line":18,"column":70}},"10":{"start":{"line":19,"column":2},"end":{"line":19,"column":75}},"11":{"start":{"line":20,"column":2},"end":{"line":20,"column":74}},"12":{"start":{"line":21,"column":2},"end":{"line":21,"column":39}},"13":{"start":{"line":24,"column":0},"end":{"line":27,"column":2}}},"branchMap":{},"l":{"9":1,"10":4,"11":4,"12":4,"13":4,"14":4,"16":1,"17":2,"18":2,"19":2,"20":2,"21":2,"24":1}},
"/Users/andeladeveloper/Desktop/Document_Manager/build/helper/pagination.js":{"path":"/Users/andeladeveloper/Desktop/Document_Manager/build/helper/pagination.js","s":{"1":1,"2":1,"3":1,"4":1,"5":1,"6":1,"7":1,"8":1,"9":1,"10":1,"11":1,"12":0,"13":1,"14":1,"15":1,"16":1,"17":0,"18":0,"19":1,"20":1,"21":0,"22":1,"23":4,"24":4,"25":4,"26":4,"27":4,"28":4,"29":4,"30":4,"31":0,"32":0,"33":4,"34":1,"35":1},"b":{"1":[1,1],"2":[1,0],"3":[0,1],"4":[1,0],"5":[0,0],"6":[4,0],"7":[0,4],"8":[0,4],"9":[4,2],"10":[0,0]},"f":{"1":1,"2":1,"3":1,"4":0,"5":1,"6":0,"7":4},"fnMap":{"1":{"name":"(anonymous_1)","line":3,"loc":{"start":{"line":3,"column":19},"end":{"line":3,"column":31}}},"2":{"name":"defineProperties","line":3,"loc":{"start":{"line":3,"column":33},"end":{"line":3,"column":74}}},"3":{"name":"(anonymous_3)","line":3,"loc":{"start":{"line":3,"column":357},"end":{"line":3,"column":405}}},"4":{"name":"_classCallCheck","line":5,"loc":{"start":{"line":5,"column":0},"end":{"line":5,"column":48}}},"5":{"name":"(anonymous_5)","line":12,"loc":{"start":{"line":12,"column":13},"end":{"line":12,"column":25}}},"6":{"name":"Helper","line":13,"loc":{"start":{"line":13,"column":2},"end":{"line":13,"column":20}}},"7":{"name":"pagination","line":28,"loc":{"start":{"line":28,"column":11},"end":{"line":28,"column":53}}}},"statementMap":{"1":{"start":{"line":3,"column":0},"end":{"line":3,"column":564}},"2":{"start":{"line":3,"column":33},"end":{"line":3,"column":349}},"3":{"start":{"line":3,"column":76},"end":{"line":3,"column":347}},"4":{"start":{"line":3,"column":117},"end":{"line":3,"column":143}},"5":{"start":{"line":3,"column":144},"end":{"line":3,"column":199}},"6":{"start":{"line":3,"column":200},"end":{"line":3,"column":231}},"7":{"start":{"line":3,"column":232},"end":{"line":3,"column":286}},"8":{"start":{"line":3,"column":259},"end":{"line":3,"column":286}},"9":{"start":{"line":3,"column":287},"end":{"line":3,"column":345}},"10":{"start":{"line":3,"column":350},"end":{"line":3,"column":559}},"11":{"start":{"line":3,"column":407},"end":{"line":3,"column":475}},"12":{"start":{"line":3,"column":423},"end":{"line":3,"column":475}},"13":{"start":{"line":3,"column":476},"end":{"line":3,"column":536}},"14":{"start":{"line":3,"column":493},"end":{"line":3,"column":536}},"15":{"start":{"line":3,"column":537},"end":{"line":3,"column":556}},"16":{"start":{"line":5,"column":0},"end":{"line":5,"column":153}},"17":{"start":{"line":5,"column":50},"end":{"line":5,"column":151}},"18":{"start":{"line":5,"column":92},"end":{"line":5,"column":149}},"19":{"start":{"line":12,"column":0},"end":{"line":50,"column":4}},"20":{"start":{"line":13,"column":2},"end":{"line":15,"column":3}},"21":{"start":{"line":14,"column":4},"end":{"line":14,"column":34}},"22":{"start":{"line":17,"column":2},"end":{"line":47,"column":6}},"23":{"start":{"line":34,"column":6},"end":{"line":34,"column":22}},"24":{"start":{"line":35,"column":6},"end":{"line":35,"column":44}},"25":{"start":{"line":36,"column":6},"end":{"line":36,"column":47}},"26":{"start":{"line":37,"column":6},"end":{"line":37,"column":32}},"27":{"start":{"line":38,"column":6},"end":{"line":38,"column":58}},"28":{"start":{"line":39,"column":6},"end":{"line":39,"column":50}},"29":{"start":{"line":40,"column":6},"end":{"line":40,"column":38}},"30":{"start":{"line":41,"column":6},"end":{"line":44,"column":7}},"31":{"start":{"line":42,"column":8},"end":{"line":42,"column":117}},"32":{"start":{"line":43,"column":8},"end":{"line":43,"column":50}},"33":{"start":{"line":45,"column":6},"end":{"line":45,"column":20}},"34":{"start":{"line":49,"column":2},"end":{"line":49,"column":16}},"35":{"start":{"line":52,"column":0},"end":{"line":52,"column":24}}},"branchMap":{"1":{"line":3,"type":"binary-expr","locations":[{"start":{"line":3,"column":168},"end":{"line":3,"column":189}},{"start":{"line":3,"column":193},"end":{"line":3,"column":198}}]},"2":{"line":3,"type":"if","locations":[{"start":{"line":3,"column":232},"end":{"line":3,"column":232}},{"start":{"line":3,"column":232},"end":{"line":3,"column":232}}]},"3":{"line":3,"type":"if","locations":[{"start":{"line":3,"column":407},"end":{"line":3,"column":407}},{"start":{"line":3,"column":407},"end":{"line":3,"column":407}}]},"4":{"line":3,"type":"if","locations":[{"start":{"line":3,"column":476},"end":{"line":3,"column":476}},{"start":{"line":3,"column":476},"end":{"line":3,"column":476}}]},"5":{"line":5,"type":"if","locations":[{"start":{"line":5,"column":50},"end":{"line":5,"column":50}},{"start":{"line":5,"column":50},"end":{"line":5,"column":50}}]},"6":{"line":35,"type":"cond-expr","locations":[{"start":{"line":35,"column":30},"end":{"line":35,"column":35}},{"start":{"line":35,"column":38},"end":{"line":35,"column":43}}]},"7":{"line":36,"type":"cond-expr","locations":[{"start":{"line":36,"column":32},"end":{"line":36,"column":37}},{"start":{"line":36,"column":40},"end":{"line":36,"column":46}}]},"8":{"line":41,"type":"if","locations":[{"start":{"line":41,"column":6},"end":{"line":41,"column":6}},{"start":{"line":41,"column":6},"end":{"line":41,"column":6}}]},"9":{"line":41,"type":"binary-expr","locations":[{"start":{"line":41,"column":10},"end":{"line":41,"column":49}},{"start":{"line":41,"column":53},"end":{"line":41,"column":65}}]},"10":{"line":42,"type":"cond-expr","locations":[{"start":{"line":42,"column":61},"end":{"line":42,"column":87}},{"start":{"line":42,"column":90},"end":{"line":42,"column":116}}]}},"l":{"3":1,"5":1,"12":1,"13":1,"14":0,"17":1,"34":4,"35":4,"36":4,"37":4,"38":4,"39":4,"40":4,"41":4,"42":0,"43":0,"45":4,"49":1,"52":1}},
"/Users/andeladeveloper/Desktop/Document_Manager/build/controllers/documents.js":{"path":"/Users/andeladeveloper/Desktop/Document_Manager/build/controllers/documents.js","s":{"1":1,"2":1,"3":1,"4":1,"5":1,"6":2,"7":2,"8":2,"9":2,"10":1,"11":1,"12":1,"13":0,"14":3,"15":3,"16":2,"17":2,"18":0,"19":1,"20":1,"21":1,"22":0,"23":2,"24":2,"25":2,"26":1,"27":1,"28":0,"29":1,"30":0,"31":1,"32":1,"33":0,"34":1,"35":0,"36":4,"37":4,"38":2,"39":2,"40":1,"41":1,"42":0,"43":2,"44":1,"45":1,"46":2,"47":2,"48":1,"49":1,"50":1,"51":1,"52":2,"53":2,"54":2,"55":2,"56":2,"57":2,"58":2,"59":2,"60":1,"61":1,"62":0,"63":3,"64":3,"65":1,"66":1,"67":1,"68":2},"b":{"1":[1,1],"2":[2,1],"3":[1,0],"4":[1,1],"5":[1,1],"6":[1,1],"7":[0,1],"8":[1,1],"9":[1,1],"10":[0,1],"11":[2,2],"12":[1,1],"13":[1,0],"14":[1,0],"15":[1,0],"16":[1,0],"17":[0,2],"18":[0,2],"19":[1,1],"20":[1,0]},"f":{"1":2,"2":2,"3":1,"4":0,"5":3,"6":3,"7":2,"8":0,"9":1,"10":0,"11":2,"12":2,"13":1,"14":0,"15":1,"16":0,"17":4,"18":4,"19":2,"20":0,"21":1,"22":1,"23":2,"24":2,"25":1,"26":1,"27":2,"28":2,"29":0,"30":3,"31":3,"32":1,"33":2},"fnMap":{"1":{"name":"addDocument","line":15,"loc":{"start":{"line":15,"column":15},"end":{"line":15,"column":46}}},"2":{"name":"(anonymous_2)","line":16,"loc":{"start":{"line":16,"column":30},"end":{"line":16,"column":48}}},"3":{"name":"(anonymous_3)","line":28,"loc":{"start":{"line":28,"column":14},"end":{"line":28,"column":34}}},"4":{"name":"(anonymous_4)","line":33,"loc":{"start":{"line":33,"column":15},"end":{"line":33,"column":32}}},"5":{"name":"getDocument","line":44,"loc":{"start":{"line":44,"column":15},"end":{"line":44,"column":46}}},"6":{"name":"(anonymous_6)","line":45,"loc":{"start":{"line":45,"column":48},"end":{"line":45,"column":64}}},"7":{"name":"(anonymous_7)","line":47,"loc":{"start":{"line":47,"column":53},"end":{"line":47,"column":74}}},"8":{"name":"(anonymous_8)","line":49,"loc":{"start":{"line":49,"column":17},"end":{"line":49,"column":32}}},"9":{"name":"(anonymous_9)","line":58,"loc":{"start":{"line":58,"column":14},"end":{"line":58,"column":35}}},"10":{"name":"(anonymous_10)","line":62,"loc":{"start":{"line":62,"column":15},"end":{"line":62,"column":30}}},"11":{"name":"getAllDocuments","line":77,"loc":{"start":{"line":77,"column":19},"end":{"line":77,"column":54}}},"12":{"name":"(anonymous_12)","line":79,"loc":{"start":{"line":79,"column":48},"end":{"line":79,"column":64}}},"13":{"name":"(anonymous_13)","line":85,"loc":{"start":{"line":85,"column":16},"end":{"line":85,"column":37}}},"14":{"name":"(anonymous_14)","line":92,"loc":{"start":{"line":92,"column":17},"end":{"line":92,"column":29}}},"15":{"name":"(anonymous_15)","line":101,"loc":{"start":{"line":101,"column":14},"end":{"line":101,"column":35}}},"16":{"name":"(anonymous_16)","line":108,"loc":{"start":{"line":108,"column":15},"end":{"line":108,"column":30}}},"17":{"name":"getUserDocuments","line":113,"loc":{"start":{"line":113,"column":20},"end":{"line":113,"column":56}}},"18":{"name":"(anonymous_18)","line":114,"loc":{"start":{"line":114,"column":48},"end":{"line":114,"column":64}}},"19":{"name":"(anonymous_19)","line":118,"loc":{"start":{"line":118,"column":44},"end":{"line":118,"column":65}}},"20":{"name":"(anonymous_20)","line":125,"loc":{"start":{"line":125,"column":17},"end":{"line":125,"column":32}}},"21":{"name":"(anonymous_21)","line":134,"loc":{"start":{"line":134,"column":14},"end":{"line":134,"column":35}}},"22":{"name":"(anonymous_22)","line":136,"loc":{"start":{"line":136,"column":15},"end":{"line":136,"column":30}}},"23":{"name":"updateDocument","line":151,"loc":{"start":{"line":151,"column":18},"end":{"line":151,"column":52}}},"24":{"name":"(anonymous_24)","line":157,"loc":{"start":{"line":157,"column":12},"end":{"line":157,"column":32}}},"25":{"name":"(anonymous_25)","line":165,"loc":{"start":{"line":165,"column":16},"end":{"line":165,"column":42}}},"26":{"name":"(anonymous_26)","line":174,"loc":{"start":{"line":174,"column":13},"end":{"line":174,"column":30}}},"27":{"name":"searchAllDocuments","line":186,"loc":{"start":{"line":186,"column":22},"end":{"line":186,"column":60}}},"28":{"name":"(anonymous_28)","line":201,"loc":{"start":{"line":201,"column":48},"end":{"line":201,"column":69}}},"29":{"name":"(anonymous_29)","line":211,"loc":{"start":{"line":211,"column":13},"end":{"line":211,"column":30}}},"30":{"name":"deleteDocument","line":222,"loc":{"start":{"line":222,"column":18},"end":{"line":222,"column":52}}},"31":{"name":"(anonymous_31)","line":228,"loc":{"start":{"line":228,"column":12},"end":{"line":228,"column":32}}},"32":{"name":"(anonymous_32)","line":237,"loc":{"start":{"line":237,"column":12},"end":{"line":237,"column":38}}},"33":{"name":"(anonymous_33)","line":244,"loc":{"start":{"line":244,"column":13},"end":{"line":244,"column":30}}}},"statementMap":{"1":{"start":{"line":3,"column":0},"end":{"line":3,"column":45}},"2":{"start":{"line":4,"column":0},"end":{"line":4,"column":37}},"3":{"start":{"line":5,"column":0},"end":{"line":5,"column":70}},"4":{"start":{"line":6,"column":0},"end":{"line":6,"column":45}},"5":{"start":{"line":8,"column":0},"end":{"line":248,"column":2}},"6":{"start":{"line":16,"column":4},"end":{"line":36,"column":7}},"7":{"start":{"line":17,"column":6},"end":{"line":17,"column":43}},"8":{"start":{"line":18,"column":6},"end":{"line":18,"column":38}},"9":{"start":{"line":19,"column":6},"end":{"line":21,"column":7}},"10":{"start":{"line":20,"column":8},"end":{"line":20,"column":65}},"11":{"start":{"line":22,"column":6},"end":{"line":35,"column":9}},"12":{"start":{"line":29,"column":8},"end":{"line":32,"column":38}},"13":{"start":{"line":34,"column":8},"end":{"line":34,"column":52}},"14":{"start":{"line":45,"column":4},"end":{"line":68,"column":7}},"15":{"start":{"line":46,"column":6},"end":{"line":52,"column":7}},"16":{"start":{"line":47,"column":8},"end":{"line":51,"column":11}},"17":{"start":{"line":48,"column":10},"end":{"line":48,"column":49}},"18":{"start":{"line":50,"column":10},"end":{"line":50,"column":54}},"19":{"start":{"line":53,"column":6},"end":{"line":67,"column":9}},"20":{"start":{"line":59,"column":8},"end":{"line":61,"column":9}},"21":{"start":{"line":60,"column":10},"end":{"line":60,"column":42}},"22":{"start":{"line":63,"column":8},"end":{"line":66,"column":11}},"23":{"start":{"line":78,"column":4},"end":{"line":78,"column":26}},"24":{"start":{"line":79,"column":4},"end":{"line":111,"column":7}},"25":{"start":{"line":80,"column":6},"end":{"line":95,"column":7}},"26":{"start":{"line":81,"column":8},"end":{"line":94,"column":11}},"27":{"start":{"line":86,"column":10},"end":{"line":90,"column":11}},"28":{"start":{"line":87,"column":12},"end":{"line":89,"column":15}},"29":{"start":{"line":91,"column":10},"end":{"line":91,"column":42}},"30":{"start":{"line":93,"column":10},"end":{"line":93,"column":58}},"31":{"start":{"line":96,"column":6},"end":{"line":110,"column":9}},"32":{"start":{"line":102,"column":8},"end":{"line":106,"column":9}},"33":{"start":{"line":103,"column":10},"end":{"line":105,"column":13}},"34":{"start":{"line":107,"column":8},"end":{"line":107,"column":40}},"35":{"start":{"line":109,"column":8},"end":{"line":109,"column":52}},"36":{"start":{"line":114,"column":4},"end":{"line":142,"column":7}},"37":{"start":{"line":115,"column":6},"end":{"line":128,"column":7}},"38":{"start":{"line":116,"column":8},"end":{"line":127,"column":11}},"39":{"start":{"line":119,"column":10},"end":{"line":123,"column":11}},"40":{"start":{"line":120,"column":12},"end":{"line":122,"column":15}},"41":{"start":{"line":124,"column":10},"end":{"line":124,"column":42}},"42":{"start":{"line":126,"column":10},"end":{"line":126,"column":54}},"43":{"start":{"line":129,"column":6},"end":{"line":141,"column":9}},"44":{"start":{"line":135,"column":8},"end":{"line":135,"column":47}},"45":{"start":{"line":137,"column":8},"end":{"line":140,"column":11}},"46":{"start":{"line":152,"column":4},"end":{"line":176,"column":7}},"47":{"start":{"line":158,"column":6},"end":{"line":173,"column":7}},"48":{"start":{"line":159,"column":8},"end":{"line":172,"column":11}},"49":{"start":{"line":166,"column":10},"end":{"line":170,"column":12}},"50":{"start":{"line":171,"column":10},"end":{"line":171,"column":36}},"51":{"start":{"line":175,"column":6},"end":{"line":175,"column":51}},"52":{"start":{"line":187,"column":4},"end":{"line":187,"column":40}},"53":{"start":{"line":188,"column":4},"end":{"line":196,"column":6}},"54":{"start":{"line":198,"column":4},"end":{"line":198,"column":61}},"55":{"start":{"line":199,"column":4},"end":{"line":199,"column":63}},"56":{"start":{"line":200,"column":4},"end":{"line":200,"column":32}},"57":{"start":{"line":201,"column":4},"end":{"line":213,"column":7}},"58":{"start":{"line":202,"column":6},"end":{"line":202,"column":85}},"59":{"start":{"line":203,"column":6},"end":{"line":207,"column":7}},"60":{"start":{"line":204,"column":8},"end":{"line":206,"column":11}},"61":{"start":{"line":208,"column":6},"end":{"line":210,"column":9}},"62":{"start":{"line":212,"column":6},"end":{"line":212,"column":51}},"63":{"start":{"line":223,"column":4},"end":{"line":246,"column":7}},"64":{"start":{"line":229,"column":6},"end":{"line":236,"column":7}},"65":{"start":{"line":230,"column":8},"end":{"line":235,"column":11}},"66":{"start":{"line":238,"column":6},"end":{"line":242,"column":8}},"67":{"start":{"line":243,"column":6},"end":{"line":243,"column":32}},"68":{"start":{"line":245,"column":6},"end":{"line":245,"column":51}}},"branchMap":{"1":{"line":19,"type":"if","locations":[{"start":{"line":19,"column":6},"end":{"line":19,"column":6}},{"start":{"line":19,"column":6},"end":{"line":19,"column":6}}]},"2":{"line":46,"type":"if","locations":[{"start":{"line":46,"column":6},"end":{"line":46,"column":6}},{"start":{"line":46,"column":6},"end":{"line":46,"column":6}}]},"3":{"line":59,"type":"if","locations":[{"start":{"line":59,"column":8},"end":{"line":59,"column":8}},{"start":{"line":59,"column":8},"end":{"line":59,"column":8}}]},"4":{"line":80,"type":"if","locations":[{"start":{"line":80,"column":6},"end":{"line":80,"column":6}},{"start":{"line":80,"column":6},"end":{"line":80,"column":6}}]},"5":{"line":83,"type":"binary-expr","locations":[{"start":{"line":83,"column":18},"end":{"line":83,"column":30}},{"start":{"line":83,"column":34},"end":{"line":83,"column":35}}]},"6":{"line":84,"type":"binary-expr","locations":[{"start":{"line":84,"column":17},"end":{"line":84,"column":28}},{"start":{"line":84,"column":32},"end":{"line":84,"column":34}}]},"7":{"line":86,"type":"if","locations":[{"start":{"line":86,"column":10},"end":{"line":86,"column":10}},{"start":{"line":86,"column":10},"end":{"line":86,"column":10}}]},"8":{"line":99,"type":"binary-expr","locations":[{"start":{"line":99,"column":16},"end":{"line":99,"column":28}},{"start":{"line":99,"column":32},"end":{"line":99,"column":33}}]},"9":{"line":100,"type":"binary-expr","locations":[{"start":{"line":100,"column":15},"end":{"line":100,"column":26}},{"start":{"line":100,"column":30},"end":{"line":100,"column":32}}]},"10":{"line":102,"type":"if","locations":[{"start":{"line":102,"column":8},"end":{"line":102,"column":8}},{"start":{"line":102,"column":8},"end":{"line":102,"column":8}}]},"11":{"line":115,"type":"if","locations":[{"start":{"line":115,"column":6},"end":{"line":115,"column":6}},{"start":{"line":115,"column":6},"end":{"line":115,"column":6}}]},"12":{"line":119,"type":"if","locations":[{"start":{"line":119,"column":10},"end":{"line":119,"column":10}},{"start":{"line":119,"column":10},"end":{"line":119,"column":10}}]},"13":{"line":158,"type":"if","locations":[{"start":{"line":158,"column":6},"end":{"line":158,"column":6}},{"start":{"line":158,"column":6},"end":{"line":158,"column":6}}]},"14":{"line":160,"type":"binary-expr","locations":[{"start":{"line":160,"column":17},"end":{"line":160,"column":31}},{"start":{"line":160,"column":35},"end":{"line":160,"column":49}}]},"15":{"line":161,"type":"binary-expr","locations":[{"start":{"line":161,"column":19},"end":{"line":161,"column":35}},{"start":{"line":161,"column":39},"end":{"line":161,"column":55}}]},"16":{"line":163,"type":"binary-expr","locations":[{"start":{"line":163,"column":18},"end":{"line":163,"column":33}},{"start":{"line":163,"column":37},"end":{"line":163,"column":52}}]},"17":{"line":198,"type":"cond-expr","locations":[{"start":{"line":198,"column":40},"end":{"line":198,"column":55}},{"start":{"line":198,"column":58},"end":{"line":198,"column":60}}]},"18":{"line":199,"type":"cond-expr","locations":[{"start":{"line":199,"column":42},"end":{"line":199,"column":58}},{"start":{"line":199,"column":61},"end":{"line":199,"column":62}}]},"19":{"line":203,"type":"if","locations":[{"start":{"line":203,"column":6},"end":{"line":203,"column":6}},{"start":{"line":203,"column":6},"end":{"line":203,"column":6}}]},"20":{"line":229,"type":"if","locations":[{"start":{"line":229,"column":6},"end":{"line":229,"column":6}},{"start":{"line":229,"column":6},"end":{"line":229,"column":6}}]}},"l":{"3":1,"4":1,"5":1,"6":1,"8":1,"16":2,"17":2,"18":2,"19":2,"20":1,"22":1,"29":1,"34":0,"45":3,"46":3,"47":2,"48":2,"50":0,"53":1,"59":1,"60":1,"63":0,"78":2,"79":2,"80":2,"81":1,"86":1,"87":0,"91":1,"93":0,"96":1,"102":1,"103":0,"107":1,"109":0,"114":4,"115":4,"116":2,"119":2,"120":1,"124":1,"126":0,"129":2,"135":1,"137":1,"152":2,"158":2,"159":1,"166":1,"171":1,"175":1,"187":2,"188":2,"198":2,"199":2,"200":2,"201":2,"202":2,"203":2,"204":1,"208":1,"212":0,"223":3,"229":3,"230":1,"238":1,"243":1,"245":2}},
"/Users/andeladeveloper/Desktop/Document_Manager/build/helper/auth.js":{"path":"/Users/andeladeveloper/Desktop/Document_Manager/build/helper/auth.js","s":{"1":1,"2":1,"3":1,"4":1,"5":1,"6":1,"7":1,"8":1,"9":0,"10":0,"11":33,"12":33,"13":33,"14":32,"15":32,"16":1,"17":1,"18":31,"19":31,"20":1},"b":{"1":[0,1],"2":[1,1],"3":[33,33,33],"4":[32,1],"5":[1,31]},"f":{"1":1,"2":0,"3":33,"4":32},"fnMap":{"1":{"name":"_interopRequireDefault","line":7,"loc":{"start":{"line":7,"column":0},"end":{"line":7,"column":37}}},"2":{"name":"setUserToken","line":15,"loc":{"start":{"line":15,"column":16},"end":{"line":15,"column":44}}},"3":{"name":"authorize","line":20,"loc":{"start":{"line":20,"column":13},"end":{"line":20,"column":48}}},"4":{"name":"(anonymous_4)","line":24,"loc":{"start":{"line":24,"column":44},"end":{"line":24,"column":68}}}},"statementMap":{"1":{"start":{"line":3,"column":0},"end":{"line":3,"column":32}},"2":{"start":{"line":5,"column":0},"end":{"line":5,"column":47}},"3":{"start":{"line":7,"column":0},"end":{"line":7,"column":95}},"4":{"start":{"line":7,"column":39},"end":{"line":7,"column":93}},"5":{"start":{"line":9,"column":0},"end":{"line":9,"column":34}},"6":{"start":{"line":11,"column":0},"end":{"line":11,"column":26}},"7":{"start":{"line":12,"column":0},"end":{"line":12,"column":36}},"8":{"start":{"line":14,"column":0},"end":{"line":38,"column":2}},"9":{"start":{"line":16,"column":4},"end":{"line":17,"column":62}},"10":{"start":{"line":18,"column":4},"end":{"line":18,"column":21}},"11":{"start":{"line":21,"column":4},"end":{"line":21,"column":41}},"12":{"start":{"line":22,"column":4},"end":{"line":22,"column":72}},"13":{"start":{"line":23,"column":4},"end":{"line":36,"column":5}},"14":{"start":{"line":24,"column":6},"end":{"line":33,"column":9}},"15":{"start":{"line":25,"column":8},"end":{"line":30,"column":9}},"16":{"start":{"line":26,"column":10},"end":{"line":28,"column":12}},"17":{"start":{"line":29,"column":10},"end":{"line":29,"column":47}},"18":{"start":{"line":31,"column":8},"end":{"line":31,"column":30}},"19":{"start":{"line":32,"column":8},"end":{"line":32,"column":22}},"20":{"start":{"line":35,"column":6},"end":{"line":35,"column":49}}},"branchMap":{"1":{"line":7,"type":"cond-expr","locations":[{"start":{"line":7,"column":70},"end":{"line":7,"column":73}},{"start":{"line":7,"column":76},"end":{"line":7,"column":92}}]},"2":{"line":7,"type":"binary-expr","locations":[{"start":{"line":7,"column":46},"end":{"line":7,"column":49}},{"start":{"line":7,"column":53},"end":{"line":7,"column":67}}]},"3":{"line":22,"type":"binary-expr","locations":[{"start":{"line":22,"column":16},"end":{"line":22,"column":30}},{"start":{"line":22,"column":34},"end":{"line":22,"column":63}},{"start":{"line":22,"column":67},"end":{"line":22,"column":71}}]},"4":{"line":23,"type":"if","locations":[{"start":{"line":23,"column":4},"end":{"line":23,"column":4}},{"start":{"line":23,"column":4},"end":{"line":23,"column":4}}]},"5":{"line":25,"type":"if","locations":[{"start":{"line":25,"column":8},"end":{"line":25,"column":8}},{"start":{"line":25,"column":8},"end":{"line":25,"column":8}}]}},"l":{"3":1,"5":1,"7":1,"9":1,"11":1,"12":1,"14":1,"16":0,"18":0,"21":33,"22":33,"23":33,"24":32,"25":32,"26":1,"29":1,"31":31,"32":31,"35":1}}}
