{
"/Users/andeladeveloper/Desktop/Document_Manager/build/controllers/index.js":{"path":"/Users/andeladeveloper/Desktop/Document_Manager/build/controllers/index.js","s":{"1":1,"2":1,"3":1,"4":1},"b":{},"f":{},"fnMap":{},"statementMap":{"1":{"start":{"line":3,"column":0},"end":{"line":3,"column":31}},"2":{"start":{"line":4,"column":0},"end":{"line":4,"column":31}},"3":{"start":{"line":5,"column":0},"end":{"line":5,"column":42}},"4":{"start":{"line":7,"column":0},"end":{"line":11,"column":2}}},"branchMap":{},"l":{"3":1,"4":1,"5":1,"7":1}},
"/Users/andeladeveloper/Desktop/Document_Manager/build/controllers/roles.js":{"path":"/Users/andeladeveloper/Desktop/Document_Manager/build/controllers/roles.js","s":{"1":1,"2":1,"3":0,"4":0,"5":0,"6":0,"7":0,"8":0},"b":{"1":[0,0]},"f":{"1":0,"2":0,"3":0},"fnMap":{"1":{"name":"create","line":6,"loc":{"start":{"line":6,"column":10},"end":{"line":6,"column":36}}},"2":{"name":"(anonymous_2)","line":11,"loc":{"start":{"line":11,"column":14},"end":{"line":11,"column":30}}},"3":{"name":"(anonymous_3)","line":13,"loc":{"start":{"line":13,"column":15},"end":{"line":13,"column":32}}}},"statementMap":{"1":{"start":{"line":3,"column":0},"end":{"line":3,"column":37}},"2":{"start":{"line":5,"column":0},"end":{"line":19,"column":2}},"3":{"start":{"line":7,"column":4},"end":{"line":7,"column":39}},"4":{"start":{"line":8,"column":4},"end":{"line":16,"column":5}},"5":{"start":{"line":9,"column":6},"end":{"line":15,"column":9}},"6":{"start":{"line":12,"column":8},"end":{"line":12,"column":42}},"7":{"start":{"line":14,"column":8},"end":{"line":14,"column":43}},"8":{"start":{"line":17,"column":4},"end":{"line":17,"column":75}}},"branchMap":{"1":{"line":8,"type":"if","locations":[{"start":{"line":8,"column":4},"end":{"line":8,"column":4}},{"start":{"line":8,"column":4},"end":{"line":8,"column":4}}]}},"l":{"3":1,"5":1,"7":0,"8":0,"9":0,"12":0,"14":0,"17":0}},
"/Users/andeladeveloper/Desktop/Document_Manager/build/models/index.js":{"path":"/Users/andeladeveloper/Desktop/Document_Manager/build/models/index.js","s":{"1":1,"2":1,"3":1,"4":1,"5":1,"6":1,"7":1,"8":1,"9":1,"10":0,"11":1,"12":1,"13":4,"14":3,"15":3,"16":1,"17":3,"18":0,"19":1,"20":1,"21":1},"b":{"1":[1,0],"2":[0,1],"3":[4,4,3],"4":[0,3]},"f":{"1":4,"2":3,"3":3},"fnMap":{"1":{"name":"(anonymous_1)","line":21,"loc":{"start":{"line":21,"column":33},"end":{"line":21,"column":49}}},"2":{"name":"(anonymous_2)","line":23,"loc":{"start":{"line":23,"column":11},"end":{"line":23,"column":27}}},"3":{"name":"(anonymous_3)","line":28,"loc":{"start":{"line":28,"column":24},"end":{"line":28,"column":45}}}},"statementMap":{"1":{"start":{"line":3,"column":0},"end":{"line":3,"column":23}},"2":{"start":{"line":4,"column":0},"end":{"line":4,"column":27}},"3":{"start":{"line":5,"column":0},"end":{"line":5,"column":37}},"4":{"start":{"line":7,"column":0},"end":{"line":7,"column":46}},"5":{"start":{"line":8,"column":0},"end":{"line":8,"column":48}},"6":{"start":{"line":10,"column":0},"end":{"line":10,"column":49}},"7":{"start":{"line":12,"column":0},"end":{"line":12,"column":12}},"8":{"start":{"line":14,"column":0},"end":{"line":14,"column":23}},"9":{"start":{"line":15,"column":0},"end":{"line":19,"column":1}},"10":{"start":{"line":16,"column":2},"end":{"line":16,"column":66}},"11":{"start":{"line":18,"column":2},"end":{"line":18,"column":87}},"12":{"start":{"line":21,"column":0},"end":{"line":26,"column":3}},"13":{"start":{"line":22,"column":2},"end":{"line":22,"column":82}},"14":{"start":{"line":24,"column":2},"end":{"line":24,"column":59}},"15":{"start":{"line":25,"column":2},"end":{"line":25,"column":25}},"16":{"start":{"line":28,"column":0},"end":{"line":32,"column":3}},"17":{"start":{"line":29,"column":2},"end":{"line":31,"column":3}},"18":{"start":{"line":30,"column":4},"end":{"line":30,"column":32}},"19":{"start":{"line":34,"column":0},"end":{"line":34,"column":25}},"20":{"start":{"line":35,"column":0},"end":{"line":35,"column":25}},"21":{"start":{"line":37,"column":0},"end":{"line":37,"column":20}}},"branchMap":{"1":{"line":8,"type":"binary-expr","locations":[{"start":{"line":8,"column":10},"end":{"line":8,"column":30}},{"start":{"line":8,"column":34},"end":{"line":8,"column":47}}]},"2":{"line":15,"type":"if","locations":[{"start":{"line":15,"column":0},"end":{"line":15,"column":0}},{"start":{"line":15,"column":0},"end":{"line":15,"column":0}}]},"3":{"line":22,"type":"binary-expr","locations":[{"start":{"line":22,"column":9},"end":{"line":22,"column":32}},{"start":{"line":22,"column":36},"end":{"line":22,"column":53}},{"start":{"line":22,"column":57},"end":{"line":22,"column":81}}]},"4":{"line":29,"type":"if","locations":[{"start":{"line":29,"column":2},"end":{"line":29,"column":2}},{"start":{"line":29,"column":2},"end":{"line":29,"column":2}}]}},"l":{"3":1,"4":1,"5":1,"7":1,"8":1,"10":1,"12":1,"14":1,"15":1,"16":0,"18":1,"21":1,"22":4,"24":3,"25":3,"28":1,"29":3,"30":0,"34":1,"35":1,"37":1}},
"/Users/andeladeveloper/Desktop/Document_Manager/build/models/document.js":{"path":"/Users/andeladeveloper/Desktop/Document_Manager/build/models/document.js","s":{"1":1,"2":1,"3":0,"4":0,"5":1},"b":{},"f":{"1":1,"2":0},"fnMap":{"1":{"name":"(anonymous_1)","line":3,"loc":{"start":{"line":3,"column":17},"end":{"line":3,"column":49}}},"2":{"name":"associate","line":12,"loc":{"start":{"line":12,"column":17},"end":{"line":12,"column":44}}}},"statementMap":{"1":{"start":{"line":3,"column":0},"end":{"line":25,"column":2}},"2":{"start":{"line":4,"column":2},"end":{"line":23,"column":5}},"3":{"start":{"line":13,"column":8},"end":{"line":16,"column":11}},"4":{"start":{"line":17,"column":8},"end":{"line":20,"column":11}},"5":{"start":{"line":24,"column":2},"end":{"line":24,"column":18}}},"branchMap":{},"l":{"3":1,"4":1,"13":0,"17":0,"24":1}},
"/Users/andeladeveloper/Desktop/Document_Manager/build/models/role.js":{"path":"/Users/andeladeveloper/Desktop/Document_Manager/build/models/role.js","s":{"1":1,"2":1,"3":0,"4":0,"5":1},"b":{},"f":{"1":1,"2":0},"fnMap":{"1":{"name":"(anonymous_1)","line":3,"loc":{"start":{"line":3,"column":17},"end":{"line":3,"column":49}}},"2":{"name":"associate","line":8,"loc":{"start":{"line":8,"column":17},"end":{"line":8,"column":44}}}},"statementMap":{"1":{"start":{"line":3,"column":0},"end":{"line":23,"column":2}},"2":{"start":{"line":4,"column":2},"end":{"line":21,"column":5}},"3":{"start":{"line":10,"column":8},"end":{"line":13,"column":11}},"4":{"start":{"line":15,"column":8},"end":{"line":18,"column":11}},"5":{"start":{"line":22,"column":2},"end":{"line":22,"column":14}}},"branchMap":{},"l":{"3":1,"4":1,"10":0,"15":0,"22":1}},
"/Users/andeladeveloper/Desktop/Document_Manager/build/models/user.js":{"path":"/Users/andeladeveloper/Desktop/Document_Manager/build/models/user.js","s":{"1":1,"2":1,"3":0,"4":0,"5":1},"b":{},"f":{"1":1,"2":0},"fnMap":{"1":{"name":"(anonymous_1)","line":3,"loc":{"start":{"line":3,"column":17},"end":{"line":3,"column":49}}},"2":{"name":"associate","line":11,"loc":{"start":{"line":11,"column":17},"end":{"line":11,"column":44}}}},"statementMap":{"1":{"start":{"line":3,"column":0},"end":{"line":25,"column":2}},"2":{"start":{"line":4,"column":2},"end":{"line":23,"column":5}},"3":{"start":{"line":13,"column":8},"end":{"line":16,"column":11}},"4":{"start":{"line":17,"column":8},"end":{"line":20,"column":11}},"5":{"start":{"line":24,"column":2},"end":{"line":24,"column":14}}},"branchMap":{},"l":{"3":1,"4":1,"13":0,"17":0,"24":1}},
"/Users/andeladeveloper/Desktop/Document_Manager/build/controllers/users.js":{"path":"/Users/andeladeveloper/Desktop/Document_Manager/build/controllers/users.js","s":{"1":1,"2":1,"3":1,"4":1,"5":1,"6":1,"7":1,"8":3,"9":3,"10":3,"11":3,"12":1,"13":1,"14":2,"15":2,"16":2,"17":2,"18":2,"19":0,"20":2,"21":2,"22":2,"23":2,"24":2,"25":2,"26":2,"27":2,"28":2,"29":0,"30":0,"31":1,"32":1,"33":1,"34":1,"35":1,"36":1,"37":1,"38":1,"39":1,"40":0,"41":1,"42":1,"43":0,"44":1,"45":1,"46":0,"47":0,"48":0,"49":0,"50":0,"51":0,"52":0,"53":0,"54":0,"55":0,"56":0,"57":0,"58":0,"59":0,"60":0,"61":0,"62":0,"63":0,"64":0,"65":0},"b":{"1":[1,2],"2":[2,0],"3":[0,2],"4":[1,0],"5":[0,0],"6":[0,0],"7":[0,0]},"f":{"1":3,"2":3,"3":2,"4":2,"5":2,"6":0,"7":1,"8":1,"9":0,"10":1,"11":1,"12":0,"13":1,"14":1,"15":0,"16":0,"17":0,"18":0,"19":0,"20":0,"21":0,"22":0,"23":0,"24":0},"fnMap":{"1":{"name":"addUser","line":11,"loc":{"start":{"line":11,"column":11},"end":{"line":11,"column":38}}},"2":{"name":"(anonymous_2)","line":12,"loc":{"start":{"line":12,"column":31},"end":{"line":12,"column":49}}},"3":{"name":"(anonymous_3)","line":20,"loc":{"start":{"line":20,"column":69},"end":{"line":20,"column":90}}},"4":{"name":"(anonymous_4)","line":22,"loc":{"start":{"line":22,"column":45},"end":{"line":22,"column":66}}},"5":{"name":"(anonymous_5)","line":31,"loc":{"start":{"line":31,"column":20},"end":{"line":31,"column":36}}},"6":{"name":"(anonymous_6)","line":51,"loc":{"start":{"line":51,"column":15},"end":{"line":51,"column":27}}},"7":{"name":"logginUser","line":60,"loc":{"start":{"line":60,"column":14},"end":{"line":60,"column":44}}},"8":{"name":"(anonymous_8)","line":65,"loc":{"start":{"line":65,"column":12},"end":{"line":65,"column":28}}},"9":{"name":"(anonymous_9)","line":79,"loc":{"start":{"line":79,"column":13},"end":{"line":79,"column":30}}},"10":{"name":"getUser","line":83,"loc":{"start":{"line":83,"column":11},"end":{"line":83,"column":38}}},"11":{"name":"(anonymous_11)","line":88,"loc":{"start":{"line":88,"column":12},"end":{"line":88,"column":28}}},"12":{"name":"(anonymous_12)","line":90,"loc":{"start":{"line":90,"column":13},"end":{"line":90,"column":30}}},"13":{"name":"getAllUsers","line":94,"loc":{"start":{"line":94,"column":15},"end":{"line":94,"column":46}}},"14":{"name":"(anonymous_14)","line":95,"loc":{"start":{"line":95,"column":27},"end":{"line":95,"column":44}}},"15":{"name":"(anonymous_15)","line":97,"loc":{"start":{"line":97,"column":13},"end":{"line":97,"column":30}}},"16":{"name":"updateUser","line":101,"loc":{"start":{"line":101,"column":14},"end":{"line":101,"column":44}}},"17":{"name":"(anonymous_17)","line":106,"loc":{"start":{"line":106,"column":12},"end":{"line":106,"column":28}}},"18":{"name":"(anonymous_18)","line":112,"loc":{"start":{"line":112,"column":14},"end":{"line":112,"column":36}}},"19":{"name":"(anonymous_19)","line":120,"loc":{"start":{"line":120,"column":13},"end":{"line":120,"column":30}}},"20":{"name":"searchUsers","line":124,"loc":{"start":{"line":124,"column":15},"end":{"line":124,"column":46}}},"21":{"name":"(anonymous_21)","line":143,"loc":{"start":{"line":143,"column":44},"end":{"line":143,"column":61}}},"22":{"name":"deleteUser","line":155,"loc":{"start":{"line":155,"column":14},"end":{"line":155,"column":44}}},"23":{"name":"(anonymous_23)","line":160,"loc":{"start":{"line":160,"column":12},"end":{"line":160,"column":28}}},"24":{"name":"(anonymous_24)","line":167,"loc":{"start":{"line":167,"column":13},"end":{"line":167,"column":30}}}},"statementMap":{"1":{"start":{"line":3,"column":0},"end":{"line":3,"column":37}},"2":{"start":{"line":4,"column":0},"end":{"line":4,"column":69}},"3":{"start":{"line":5,"column":0},"end":{"line":5,"column":34}},"4":{"start":{"line":6,"column":0},"end":{"line":6,"column":45}},"5":{"start":{"line":7,"column":0},"end":{"line":7,"column":31}},"6":{"start":{"line":8,"column":0},"end":{"line":8,"column":37}},"7":{"start":{"line":10,"column":0},"end":{"line":171,"column":2}},"8":{"start":{"line":12,"column":4},"end":{"line":58,"column":7}},"9":{"start":{"line":13,"column":6},"end":{"line":13,"column":43}},"10":{"start":{"line":14,"column":6},"end":{"line":14,"column":38}},"11":{"start":{"line":15,"column":6},"end":{"line":18,"column":7}},"12":{"start":{"line":16,"column":8},"end":{"line":16,"column":33}},"13":{"start":{"line":17,"column":8},"end":{"line":17,"column":18}},"14":{"start":{"line":19,"column":6},"end":{"line":19,"column":33}},"15":{"start":{"line":20,"column":6},"end":{"line":57,"column":9}},"16":{"start":{"line":21,"column":8},"end":{"line":50,"column":9}},"17":{"start":{"line":22,"column":10},"end":{"line":49,"column":13}},"18":{"start":{"line":23,"column":12},"end":{"line":25,"column":13}},"19":{"start":{"line":24,"column":14},"end":{"line":24,"column":28}},"20":{"start":{"line":26,"column":12},"end":{"line":26,"column":36}},"21":{"start":{"line":27,"column":12},"end":{"line":48,"column":15}},"22":{"start":{"line":32,"column":14},"end":{"line":32,"column":35}},"23":{"start":{"line":33,"column":14},"end":{"line":33,"column":41}},"24":{"start":{"line":34,"column":14},"end":{"line":34,"column":39}},"25":{"start":{"line":35,"column":14},"end":{"line":39,"column":16}},"26":{"start":{"line":40,"column":14},"end":{"line":40,"column":102}},"27":{"start":{"line":41,"column":14},"end":{"line":46,"column":16}},"28":{"start":{"line":47,"column":14},"end":{"line":47,"column":41}},"29":{"start":{"line":52,"column":8},"end":{"line":55,"column":10}},"30":{"start":{"line":56,"column":8},"end":{"line":56,"column":42}},"31":{"start":{"line":61,"column":4},"end":{"line":81,"column":7}},"32":{"start":{"line":66,"column":6},"end":{"line":66,"column":54}},"33":{"start":{"line":67,"column":6},"end":{"line":78,"column":7}},"34":{"start":{"line":68,"column":8},"end":{"line":68,"column":29}},"35":{"start":{"line":69,"column":8},"end":{"line":69,"column":35}},"36":{"start":{"line":70,"column":8},"end":{"line":70,"column":33}},"37":{"start":{"line":71,"column":8},"end":{"line":75,"column":10}},"38":{"start":{"line":76,"column":8},"end":{"line":76,"column":96}},"39":{"start":{"line":77,"column":8},"end":{"line":77,"column":49}},"40":{"start":{"line":80,"column":6},"end":{"line":80,"column":41}},"41":{"start":{"line":84,"column":4},"end":{"line":92,"column":7}},"42":{"start":{"line":89,"column":6},"end":{"line":89,"column":40}},"43":{"start":{"line":91,"column":6},"end":{"line":91,"column":41}},"44":{"start":{"line":95,"column":4},"end":{"line":99,"column":7}},"45":{"start":{"line":96,"column":6},"end":{"line":96,"column":41}},"46":{"start":{"line":98,"column":6},"end":{"line":98,"column":51}},"47":{"start":{"line":102,"column":4},"end":{"line":122,"column":7}},"48":{"start":{"line":107,"column":6},"end":{"line":119,"column":9}},"49":{"start":{"line":113,"column":8},"end":{"line":117,"column":10}},"50":{"start":{"line":118,"column":8},"end":{"line":118,"column":23}},"51":{"start":{"line":121,"column":6},"end":{"line":121,"column":51}},"52":{"start":{"line":125,"column":4},"end":{"line":125,"column":40}},"53":{"start":{"line":127,"column":4},"end":{"line":138,"column":6}},"54":{"start":{"line":140,"column":4},"end":{"line":140,"column":61}},"55":{"start":{"line":141,"column":4},"end":{"line":141,"column":63}},"56":{"start":{"line":142,"column":4},"end":{"line":142,"column":32}},"57":{"start":{"line":143,"column":4},"end":{"line":153,"column":7}},"58":{"start":{"line":144,"column":6},"end":{"line":144,"column":81}},"59":{"start":{"line":145,"column":6},"end":{"line":149,"column":7}},"60":{"start":{"line":146,"column":8},"end":{"line":148,"column":11}},"61":{"start":{"line":150,"column":6},"end":{"line":152,"column":9}},"62":{"start":{"line":156,"column":4},"end":{"line":169,"column":7}},"63":{"start":{"line":161,"column":6},"end":{"line":165,"column":8}},"64":{"start":{"line":166,"column":6},"end":{"line":166,"column":21}},"65":{"start":{"line":168,"column":6},"end":{"line":168,"column":51}}},"branchMap":{"1":{"line":15,"type":"if","locations":[{"start":{"line":15,"column":6},"end":{"line":15,"column":6}},{"start":{"line":15,"column":6},"end":{"line":15,"column":6}}]},"2":{"line":21,"type":"if","locations":[{"start":{"line":21,"column":8},"end":{"line":21,"column":8}},{"start":{"line":21,"column":8},"end":{"line":21,"column":8}}]},"3":{"line":23,"type":"if","locations":[{"start":{"line":23,"column":12},"end":{"line":23,"column":12}},{"start":{"line":23,"column":12},"end":{"line":23,"column":12}}]},"4":{"line":67,"type":"if","locations":[{"start":{"line":67,"column":6},"end":{"line":67,"column":6}},{"start":{"line":67,"column":6},"end":{"line":67,"column":6}}]},"5":{"line":140,"type":"cond-expr","locations":[{"start":{"line":140,"column":40},"end":{"line":140,"column":55}},{"start":{"line":140,"column":58},"end":{"line":140,"column":60}}]},"6":{"line":141,"type":"cond-expr","locations":[{"start":{"line":141,"column":42},"end":{"line":141,"column":58}},{"start":{"line":141,"column":61},"end":{"line":141,"column":62}}]},"7":{"line":145,"type":"if","locations":[{"start":{"line":145,"column":6},"end":{"line":145,"column":6}},{"start":{"line":145,"column":6},"end":{"line":145,"column":6}}]}},"l":{"3":1,"4":1,"5":1,"6":1,"7":1,"8":1,"10":1,"12":3,"13":3,"14":3,"15":3,"16":1,"17":1,"19":2,"20":2,"21":2,"22":2,"23":2,"24":0,"26":2,"27":2,"32":2,"33":2,"34":2,"35":2,"40":2,"41":2,"47":2,"52":0,"56":0,"61":1,"66":1,"67":1,"68":1,"69":1,"70":1,"71":1,"76":1,"77":1,"80":0,"84":1,"89":1,"91":0,"95":1,"96":1,"98":0,"102":0,"107":0,"113":0,"118":0,"121":0,"125":0,"127":0,"140":0,"141":0,"142":0,"143":0,"144":0,"145":0,"146":0,"150":0,"156":0,"161":0,"166":0,"168":0}},
"/Users/andeladeveloper/Desktop/Document_Manager/build/helper/profile.js":{"path":"/Users/andeladeveloper/Desktop/Document_Manager/build/helper/profile.js","s":{"1":1,"2":3,"3":3,"4":3,"5":3,"6":3,"7":1,"8":3,"9":3,"10":3,"11":3,"12":3,"13":1},"b":{},"f":{"1":3,"2":3},"fnMap":{"1":{"name":"verifyUserParams","line":9,"loc":{"start":{"line":9,"column":23},"end":{"line":9,"column":58}}},"2":{"name":"verifyDocParams","line":16,"loc":{"start":{"line":16,"column":22},"end":{"line":16,"column":56}}}},"statementMap":{"1":{"start":{"line":9,"column":0},"end":{"line":15,"column":2}},"2":{"start":{"line":10,"column":2},"end":{"line":10,"column":70}},"3":{"start":{"line":11,"column":2},"end":{"line":11,"column":70}},"4":{"start":{"line":12,"column":2},"end":{"line":12,"column":64}},"5":{"start":{"line":13,"column":2},"end":{"line":13,"column":71}},"6":{"start":{"line":14,"column":2},"end":{"line":14,"column":39}},"7":{"start":{"line":16,"column":0},"end":{"line":22,"column":2}},"8":{"start":{"line":17,"column":2},"end":{"line":17,"column":64}},"9":{"start":{"line":18,"column":2},"end":{"line":18,"column":70}},"10":{"start":{"line":19,"column":2},"end":{"line":19,"column":75}},"11":{"start":{"line":20,"column":2},"end":{"line":20,"column":74}},"12":{"start":{"line":21,"column":2},"end":{"line":21,"column":39}},"13":{"start":{"line":24,"column":0},"end":{"line":27,"column":2}}},"branchMap":{},"l":{"9":1,"10":3,"11":3,"12":3,"13":3,"14":3,"16":1,"17":3,"18":3,"19":3,"20":3,"21":3,"24":1}},
"/Users/andeladeveloper/Desktop/Document_Manager/build/helper/pagination.js":{"path":"/Users/andeladeveloper/Desktop/Document_Manager/build/helper/pagination.js","s":{"1":1,"2":1,"3":1,"4":1,"5":1,"6":1,"7":1,"8":1,"9":1,"10":1,"11":1,"12":0,"13":1,"14":1,"15":1,"16":1,"17":0,"18":0,"19":1,"20":1,"21":0,"22":1,"23":0,"24":0,"25":0,"26":0,"27":0,"28":0,"29":0,"30":0,"31":0,"32":0,"33":0,"34":1,"35":1},"b":{"1":[1,1],"2":[1,0],"3":[0,1],"4":[1,0],"5":[0,0],"6":[0,0],"7":[0,0],"8":[0,0],"9":[0,0],"10":[0,0]},"f":{"1":1,"2":1,"3":1,"4":0,"5":1,"6":0,"7":0},"fnMap":{"1":{"name":"(anonymous_1)","line":3,"loc":{"start":{"line":3,"column":19},"end":{"line":3,"column":31}}},"2":{"name":"defineProperties","line":3,"loc":{"start":{"line":3,"column":33},"end":{"line":3,"column":74}}},"3":{"name":"(anonymous_3)","line":3,"loc":{"start":{"line":3,"column":357},"end":{"line":3,"column":405}}},"4":{"name":"_classCallCheck","line":5,"loc":{"start":{"line":5,"column":0},"end":{"line":5,"column":48}}},"5":{"name":"(anonymous_5)","line":12,"loc":{"start":{"line":12,"column":13},"end":{"line":12,"column":25}}},"6":{"name":"Helper","line":13,"loc":{"start":{"line":13,"column":2},"end":{"line":13,"column":20}}},"7":{"name":"pagination","line":28,"loc":{"start":{"line":28,"column":11},"end":{"line":28,"column":53}}}},"statementMap":{"1":{"start":{"line":3,"column":0},"end":{"line":3,"column":564}},"2":{"start":{"line":3,"column":33},"end":{"line":3,"column":349}},"3":{"start":{"line":3,"column":76},"end":{"line":3,"column":347}},"4":{"start":{"line":3,"column":117},"end":{"line":3,"column":143}},"5":{"start":{"line":3,"column":144},"end":{"line":3,"column":199}},"6":{"start":{"line":3,"column":200},"end":{"line":3,"column":231}},"7":{"start":{"line":3,"column":232},"end":{"line":3,"column":286}},"8":{"start":{"line":3,"column":259},"end":{"line":3,"column":286}},"9":{"start":{"line":3,"column":287},"end":{"line":3,"column":345}},"10":{"start":{"line":3,"column":350},"end":{"line":3,"column":559}},"11":{"start":{"line":3,"column":407},"end":{"line":3,"column":475}},"12":{"start":{"line":3,"column":423},"end":{"line":3,"column":475}},"13":{"start":{"line":3,"column":476},"end":{"line":3,"column":536}},"14":{"start":{"line":3,"column":493},"end":{"line":3,"column":536}},"15":{"start":{"line":3,"column":537},"end":{"line":3,"column":556}},"16":{"start":{"line":5,"column":0},"end":{"line":5,"column":153}},"17":{"start":{"line":5,"column":50},"end":{"line":5,"column":151}},"18":{"start":{"line":5,"column":92},"end":{"line":5,"column":149}},"19":{"start":{"line":12,"column":0},"end":{"line":50,"column":4}},"20":{"start":{"line":13,"column":2},"end":{"line":15,"column":3}},"21":{"start":{"line":14,"column":4},"end":{"line":14,"column":34}},"22":{"start":{"line":17,"column":2},"end":{"line":47,"column":6}},"23":{"start":{"line":34,"column":6},"end":{"line":34,"column":22}},"24":{"start":{"line":35,"column":6},"end":{"line":35,"column":44}},"25":{"start":{"line":36,"column":6},"end":{"line":36,"column":47}},"26":{"start":{"line":37,"column":6},"end":{"line":37,"column":32}},"27":{"start":{"line":38,"column":6},"end":{"line":38,"column":58}},"28":{"start":{"line":39,"column":6},"end":{"line":39,"column":50}},"29":{"start":{"line":40,"column":6},"end":{"line":40,"column":38}},"30":{"start":{"line":41,"column":6},"end":{"line":44,"column":7}},"31":{"start":{"line":42,"column":8},"end":{"line":42,"column":117}},"32":{"start":{"line":43,"column":8},"end":{"line":43,"column":50}},"33":{"start":{"line":45,"column":6},"end":{"line":45,"column":20}},"34":{"start":{"line":49,"column":2},"end":{"line":49,"column":16}},"35":{"start":{"line":52,"column":0},"end":{"line":52,"column":24}}},"branchMap":{"1":{"line":3,"type":"binary-expr","locations":[{"start":{"line":3,"column":168},"end":{"line":3,"column":189}},{"start":{"line":3,"column":193},"end":{"line":3,"column":198}}]},"2":{"line":3,"type":"if","locations":[{"start":{"line":3,"column":232},"end":{"line":3,"column":232}},{"start":{"line":3,"column":232},"end":{"line":3,"column":232}}]},"3":{"line":3,"type":"if","locations":[{"start":{"line":3,"column":407},"end":{"line":3,"column":407}},{"start":{"line":3,"column":407},"end":{"line":3,"column":407}}]},"4":{"line":3,"type":"if","locations":[{"start":{"line":3,"column":476},"end":{"line":3,"column":476}},{"start":{"line":3,"column":476},"end":{"line":3,"column":476}}]},"5":{"line":5,"type":"if","locations":[{"start":{"line":5,"column":50},"end":{"line":5,"column":50}},{"start":{"line":5,"column":50},"end":{"line":5,"column":50}}]},"6":{"line":35,"type":"cond-expr","locations":[{"start":{"line":35,"column":30},"end":{"line":35,"column":35}},{"start":{"line":35,"column":38},"end":{"line":35,"column":43}}]},"7":{"line":36,"type":"cond-expr","locations":[{"start":{"line":36,"column":32},"end":{"line":36,"column":37}},{"start":{"line":36,"column":40},"end":{"line":36,"column":46}}]},"8":{"line":41,"type":"if","locations":[{"start":{"line":41,"column":6},"end":{"line":41,"column":6}},{"start":{"line":41,"column":6},"end":{"line":41,"column":6}}]},"9":{"line":41,"type":"binary-expr","locations":[{"start":{"line":41,"column":10},"end":{"line":41,"column":49}},{"start":{"line":41,"column":53},"end":{"line":41,"column":65}}]},"10":{"line":42,"type":"cond-expr","locations":[{"start":{"line":42,"column":61},"end":{"line":42,"column":87}},{"start":{"line":42,"column":90},"end":{"line":42,"column":116}}]}},"l":{"3":1,"5":1,"12":1,"13":1,"14":0,"17":1,"34":0,"35":0,"36":0,"37":0,"38":0,"39":0,"40":0,"41":0,"42":0,"43":0,"45":0,"49":1,"52":1}},
"/Users/andeladeveloper/Desktop/Document_Manager/build/controllers/documents.js":{"path":"/Users/andeladeveloper/Desktop/Document_Manager/build/controllers/documents.js","s":{"1":1,"2":1,"3":1,"4":1,"5":1,"6":3,"7":3,"8":3,"9":3,"10":1,"11":2,"12":2,"13":0,"14":0,"15":0,"16":0,"17":0,"18":0,"19":0,"20":0,"21":0,"22":1,"23":1,"24":1,"25":1,"26":1,"27":0,"28":0,"29":0,"30":0,"31":0,"32":1,"33":1,"34":0,"35":0,"36":0,"37":0,"38":0,"39":0,"40":0,"41":0,"42":0,"43":0,"44":0,"45":0,"46":0,"47":0,"48":0,"49":0,"50":0,"51":0,"52":0,"53":0,"54":0,"55":0,"56":0,"57":0,"58":0,"59":0,"60":0,"61":0,"62":0,"63":0,"64":0,"65":0,"66":0,"67":0},"b":{"1":[1,2],"2":[0,0],"3":[0,1],"4":[0,0],"5":[0,0],"6":[0,0],"7":[0,0],"8":[0,0],"9":[0,0],"10":[0,0],"11":[0,0],"12":[0,0],"13":[0,0],"14":[0,0]},"f":{"1":3,"2":3,"3":2,"4":0,"5":0,"6":0,"7":0,"8":0,"9":0,"10":0,"11":1,"12":1,"13":0,"14":0,"15":0,"16":0,"17":0,"18":0,"19":0,"20":0,"21":0,"22":0,"23":0,"24":0,"25":0,"26":0,"27":0,"28":0,"29":0,"30":0,"31":0,"32":0},"fnMap":{"1":{"name":"addDocument","line":15,"loc":{"start":{"line":15,"column":15},"end":{"line":15,"column":46}}},"2":{"name":"(anonymous_2)","line":16,"loc":{"start":{"line":16,"column":30},"end":{"line":16,"column":48}}},"3":{"name":"(anonymous_3)","line":28,"loc":{"start":{"line":28,"column":14},"end":{"line":28,"column":34}}},"4":{"name":"(anonymous_4)","line":33,"loc":{"start":{"line":33,"column":15},"end":{"line":33,"column":32}}},"5":{"name":"getDocument","line":44,"loc":{"start":{"line":44,"column":15},"end":{"line":44,"column":46}}},"6":{"name":"(anonymous_6)","line":45,"loc":{"start":{"line":45,"column":48},"end":{"line":45,"column":64}}},"7":{"name":"(anonymous_7)","line":47,"loc":{"start":{"line":47,"column":53},"end":{"line":47,"column":74}}},"8":{"name":"(anonymous_8)","line":49,"loc":{"start":{"line":49,"column":17},"end":{"line":49,"column":32}}},"9":{"name":"(anonymous_9)","line":58,"loc":{"start":{"line":58,"column":14},"end":{"line":58,"column":35}}},"10":{"name":"(anonymous_10)","line":60,"loc":{"start":{"line":60,"column":15},"end":{"line":60,"column":30}}},"11":{"name":"getAllDocuments","line":72,"loc":{"start":{"line":72,"column":19},"end":{"line":72,"column":54}}},"12":{"name":"(anonymous_12)","line":75,"loc":{"start":{"line":75,"column":48},"end":{"line":75,"column":64}}},"13":{"name":"(anonymous_13)","line":83,"loc":{"start":{"line":83,"column":16},"end":{"line":83,"column":37}}},"14":{"name":"(anonymous_14)","line":90,"loc":{"start":{"line":90,"column":17},"end":{"line":90,"column":29}}},"15":{"name":"(anonymous_15)","line":100,"loc":{"start":{"line":100,"column":14},"end":{"line":100,"column":35}}},"16":{"name":"(anonymous_16)","line":107,"loc":{"start":{"line":107,"column":15},"end":{"line":107,"column":30}}},"17":{"name":"getUserDocuments","line":112,"loc":{"start":{"line":112,"column":20},"end":{"line":112,"column":56}}},"18":{"name":"(anonymous_18)","line":113,"loc":{"start":{"line":113,"column":48},"end":{"line":113,"column":64}}},"19":{"name":"(anonymous_19)","line":117,"loc":{"start":{"line":117,"column":44},"end":{"line":117,"column":65}}},"20":{"name":"(anonymous_20)","line":124,"loc":{"start":{"line":124,"column":17},"end":{"line":124,"column":32}}},"21":{"name":"(anonymous_21)","line":133,"loc":{"start":{"line":133,"column":14},"end":{"line":133,"column":35}}},"22":{"name":"(anonymous_22)","line":135,"loc":{"start":{"line":135,"column":15},"end":{"line":135,"column":30}}},"23":{"name":"updateDocument","line":147,"loc":{"start":{"line":147,"column":18},"end":{"line":147,"column":52}}},"24":{"name":"(anonymous_24)","line":153,"loc":{"start":{"line":153,"column":12},"end":{"line":153,"column":32}}},"25":{"name":"(anonymous_25)","line":160,"loc":{"start":{"line":160,"column":14},"end":{"line":160,"column":40}}},"26":{"name":"(anonymous_26)","line":168,"loc":{"start":{"line":168,"column":13},"end":{"line":168,"column":30}}},"27":{"name":"searchAllDocuments","line":180,"loc":{"start":{"line":180,"column":22},"end":{"line":180,"column":60}}},"28":{"name":"(anonymous_28)","line":195,"loc":{"start":{"line":195,"column":48},"end":{"line":195,"column":69}}},"29":{"name":"(anonymous_29)","line":205,"loc":{"start":{"line":205,"column":13},"end":{"line":205,"column":30}}},"30":{"name":"deleteDocument","line":216,"loc":{"start":{"line":216,"column":18},"end":{"line":216,"column":52}}},"31":{"name":"(anonymous_31)","line":222,"loc":{"start":{"line":222,"column":12},"end":{"line":222,"column":38}}},"32":{"name":"(anonymous_32)","line":229,"loc":{"start":{"line":229,"column":13},"end":{"line":229,"column":30}}}},"statementMap":{"1":{"start":{"line":3,"column":0},"end":{"line":3,"column":45}},"2":{"start":{"line":4,"column":0},"end":{"line":4,"column":37}},"3":{"start":{"line":5,"column":0},"end":{"line":5,"column":70}},"4":{"start":{"line":6,"column":0},"end":{"line":6,"column":45}},"5":{"start":{"line":8,"column":0},"end":{"line":233,"column":2}},"6":{"start":{"line":16,"column":4},"end":{"line":36,"column":7}},"7":{"start":{"line":17,"column":6},"end":{"line":17,"column":43}},"8":{"start":{"line":18,"column":6},"end":{"line":18,"column":38}},"9":{"start":{"line":19,"column":6},"end":{"line":21,"column":7}},"10":{"start":{"line":20,"column":8},"end":{"line":20,"column":65}},"11":{"start":{"line":22,"column":6},"end":{"line":35,"column":9}},"12":{"start":{"line":29,"column":8},"end":{"line":32,"column":38}},"13":{"start":{"line":34,"column":8},"end":{"line":34,"column":52}},"14":{"start":{"line":45,"column":4},"end":{"line":63,"column":7}},"15":{"start":{"line":46,"column":6},"end":{"line":52,"column":7}},"16":{"start":{"line":47,"column":8},"end":{"line":51,"column":11}},"17":{"start":{"line":48,"column":10},"end":{"line":48,"column":49}},"18":{"start":{"line":50,"column":10},"end":{"line":50,"column":54}},"19":{"start":{"line":53,"column":6},"end":{"line":62,"column":9}},"20":{"start":{"line":59,"column":8},"end":{"line":59,"column":47}},"21":{"start":{"line":61,"column":8},"end":{"line":61,"column":52}},"22":{"start":{"line":73,"column":4},"end":{"line":73,"column":26}},"23":{"start":{"line":74,"column":4},"end":{"line":74,"column":41}},"24":{"start":{"line":75,"column":4},"end":{"line":110,"column":7}},"25":{"start":{"line":76,"column":6},"end":{"line":76,"column":80}},"26":{"start":{"line":77,"column":6},"end":{"line":93,"column":7}},"27":{"start":{"line":79,"column":8},"end":{"line":92,"column":11}},"28":{"start":{"line":84,"column":10},"end":{"line":88,"column":11}},"29":{"start":{"line":85,"column":12},"end":{"line":87,"column":15}},"30":{"start":{"line":89,"column":10},"end":{"line":89,"column":42}},"31":{"start":{"line":91,"column":10},"end":{"line":91,"column":58}},"32":{"start":{"line":94,"column":6},"end":{"line":94,"column":71}},"33":{"start":{"line":95,"column":6},"end":{"line":109,"column":9}},"34":{"start":{"line":101,"column":8},"end":{"line":105,"column":9}},"35":{"start":{"line":102,"column":10},"end":{"line":104,"column":13}},"36":{"start":{"line":106,"column":8},"end":{"line":106,"column":40}},"37":{"start":{"line":108,"column":8},"end":{"line":108,"column":52}},"38":{"start":{"line":113,"column":4},"end":{"line":138,"column":7}},"39":{"start":{"line":114,"column":6},"end":{"line":127,"column":7}},"40":{"start":{"line":115,"column":8},"end":{"line":126,"column":11}},"41":{"start":{"line":118,"column":10},"end":{"line":122,"column":11}},"42":{"start":{"line":119,"column":12},"end":{"line":121,"column":15}},"43":{"start":{"line":123,"column":10},"end":{"line":123,"column":42}},"44":{"start":{"line":125,"column":10},"end":{"line":125,"column":54}},"45":{"start":{"line":128,"column":6},"end":{"line":137,"column":9}},"46":{"start":{"line":134,"column":8},"end":{"line":134,"column":47}},"47":{"start":{"line":136,"column":8},"end":{"line":136,"column":52}},"48":{"start":{"line":148,"column":4},"end":{"line":170,"column":7}},"49":{"start":{"line":154,"column":6},"end":{"line":167,"column":9}},"50":{"start":{"line":161,"column":8},"end":{"line":165,"column":10}},"51":{"start":{"line":166,"column":8},"end":{"line":166,"column":34}},"52":{"start":{"line":169,"column":6},"end":{"line":169,"column":51}},"53":{"start":{"line":181,"column":4},"end":{"line":181,"column":40}},"54":{"start":{"line":182,"column":4},"end":{"line":190,"column":6}},"55":{"start":{"line":192,"column":4},"end":{"line":192,"column":61}},"56":{"start":{"line":193,"column":4},"end":{"line":193,"column":63}},"57":{"start":{"line":194,"column":4},"end":{"line":194,"column":32}},"58":{"start":{"line":195,"column":4},"end":{"line":207,"column":7}},"59":{"start":{"line":196,"column":6},"end":{"line":196,"column":85}},"60":{"start":{"line":197,"column":6},"end":{"line":201,"column":7}},"61":{"start":{"line":198,"column":8},"end":{"line":200,"column":11}},"62":{"start":{"line":202,"column":6},"end":{"line":204,"column":9}},"63":{"start":{"line":206,"column":6},"end":{"line":206,"column":51}},"64":{"start":{"line":217,"column":4},"end":{"line":231,"column":7}},"65":{"start":{"line":223,"column":6},"end":{"line":227,"column":8}},"66":{"start":{"line":228,"column":6},"end":{"line":228,"column":32}},"67":{"start":{"line":230,"column":6},"end":{"line":230,"column":51}}},"branchMap":{"1":{"line":19,"type":"if","locations":[{"start":{"line":19,"column":6},"end":{"line":19,"column":6}},{"start":{"line":19,"column":6},"end":{"line":19,"column":6}}]},"2":{"line":46,"type":"if","locations":[{"start":{"line":46,"column":6},"end":{"line":46,"column":6}},{"start":{"line":46,"column":6},"end":{"line":46,"column":6}}]},"3":{"line":77,"type":"if","locations":[{"start":{"line":77,"column":6},"end":{"line":77,"column":6}},{"start":{"line":77,"column":6},"end":{"line":77,"column":6}}]},"4":{"line":81,"type":"binary-expr","locations":[{"start":{"line":81,"column":18},"end":{"line":81,"column":30}},{"start":{"line":81,"column":34},"end":{"line":81,"column":35}}]},"5":{"line":82,"type":"binary-expr","locations":[{"start":{"line":82,"column":17},"end":{"line":82,"column":28}},{"start":{"line":82,"column":32},"end":{"line":82,"column":33}}]},"6":{"line":84,"type":"if","locations":[{"start":{"line":84,"column":10},"end":{"line":84,"column":10}},{"start":{"line":84,"column":10},"end":{"line":84,"column":10}}]},"7":{"line":98,"type":"binary-expr","locations":[{"start":{"line":98,"column":16},"end":{"line":98,"column":28}},{"start":{"line":98,"column":32},"end":{"line":98,"column":33}}]},"8":{"line":99,"type":"binary-expr","locations":[{"start":{"line":99,"column":15},"end":{"line":99,"column":26}},{"start":{"line":99,"column":30},"end":{"line":99,"column":32}}]},"9":{"line":101,"type":"if","locations":[{"start":{"line":101,"column":8},"end":{"line":101,"column":8}},{"start":{"line":101,"column":8},"end":{"line":101,"column":8}}]},"10":{"line":114,"type":"if","locations":[{"start":{"line":114,"column":6},"end":{"line":114,"column":6}},{"start":{"line":114,"column":6},"end":{"line":114,"column":6}}]},"11":{"line":118,"type":"if","locations":[{"start":{"line":118,"column":10},"end":{"line":118,"column":10}},{"start":{"line":118,"column":10},"end":{"line":118,"column":10}}]},"12":{"line":192,"type":"cond-expr","locations":[{"start":{"line":192,"column":40},"end":{"line":192,"column":55}},{"start":{"line":192,"column":58},"end":{"line":192,"column":60}}]},"13":{"line":193,"type":"cond-expr","locations":[{"start":{"line":193,"column":42},"end":{"line":193,"column":58}},{"start":{"line":193,"column":61},"end":{"line":193,"column":62}}]},"14":{"line":197,"type":"if","locations":[{"start":{"line":197,"column":6},"end":{"line":197,"column":6}},{"start":{"line":197,"column":6},"end":{"line":197,"column":6}}]}},"l":{"3":1,"4":1,"5":1,"6":1,"8":1,"16":3,"17":3,"18":3,"19":3,"20":1,"22":2,"29":2,"34":0,"45":0,"46":0,"47":0,"48":0,"50":0,"53":0,"59":0,"61":0,"73":1,"74":1,"75":1,"76":1,"77":1,"79":0,"84":0,"85":0,"89":0,"91":0,"94":1,"95":1,"101":0,"102":0,"106":0,"108":0,"113":0,"114":0,"115":0,"118":0,"119":0,"123":0,"125":0,"128":0,"134":0,"136":0,"148":0,"154":0,"161":0,"166":0,"169":0,"181":0,"182":0,"192":0,"193":0,"194":0,"195":0,"196":0,"197":0,"198":0,"202":0,"206":0,"217":0,"223":0,"228":0,"230":0}},
"/Users/andeladeveloper/Desktop/Document_Manager/build/app.js":{"path":"/Users/andeladeveloper/Desktop/Document_Manager/build/app.js","s":{"1":1,"2":1,"3":1,"4":1,"5":1,"6":1,"7":1,"8":1,"9":1,"10":24,"11":24,"12":24,"13":24,"14":0,"15":24,"16":1,"17":1,"18":0,"19":1},"b":{},"f":{"1":24,"2":0},"fnMap":{"1":{"name":"errorFormatter","line":17,"loc":{"start":{"line":17,"column":18},"end":{"line":17,"column":61}}},"2":{"name":"(anonymous_2)","line":35,"loc":{"start":{"line":35,"column":13},"end":{"line":35,"column":33}}}},"statementMap":{"1":{"start":{"line":3,"column":0},"end":{"line":3,"column":33}},"2":{"start":{"line":4,"column":0},"end":{"line":4,"column":31}},"3":{"start":{"line":5,"column":0},"end":{"line":5,"column":40}},"4":{"start":{"line":6,"column":0},"end":{"line":6,"column":52}},"5":{"start":{"line":8,"column":0},"end":{"line":8,"column":20}},"6":{"start":{"line":10,"column":0},"end":{"line":10,"column":23}},"7":{"start":{"line":12,"column":0},"end":{"line":12,"column":52}},"8":{"start":{"line":15,"column":0},"end":{"line":15,"column":27}},"9":{"start":{"line":16,"column":0},"end":{"line":30,"column":4}},"10":{"start":{"line":18,"column":4},"end":{"line":18,"column":37}},"11":{"start":{"line":19,"column":4},"end":{"line":19,"column":33}},"12":{"start":{"line":20,"column":4},"end":{"line":20,"column":25}},"13":{"start":{"line":21,"column":4},"end":{"line":23,"column":5}},"14":{"start":{"line":22,"column":6},"end":{"line":22,"column":49}},"15":{"start":{"line":24,"column":4},"end":{"line":28,"column":6}},"16":{"start":{"line":33,"column":0},"end":{"line":33,"column":24}},"17":{"start":{"line":35,"column":0},"end":{"line":39,"column":3}},"18":{"start":{"line":36,"column":2},"end":{"line":38,"column":5}},"19":{"start":{"line":41,"column":0},"end":{"line":41,"column":21}}},"branchMap":{},"l":{"3":1,"4":1,"5":1,"6":1,"8":1,"10":1,"12":1,"15":1,"16":1,"18":24,"19":24,"20":24,"21":24,"22":0,"24":24,"33":1,"35":1,"36":0,"41":1}},
"/Users/andeladeveloper/Desktop/Document_Manager/build/route/index.js":{"path":"/Users/andeladeveloper/Desktop/Document_Manager/build/route/index.js","s":{"1":1,"2":1,"3":1,"4":1,"5":1,"6":1,"7":0,"8":1,"9":1,"10":1,"11":1,"12":1,"13":1,"14":1,"15":1,"16":1,"17":1,"18":1,"19":1,"20":1,"21":1,"22":1},"b":{},"f":{"1":1,"2":0},"fnMap":{"1":{"name":"(anonymous_1)","line":10,"loc":{"start":{"line":10,"column":17},"end":{"line":10,"column":32}}},"2":{"name":"(anonymous_2)","line":11,"loc":{"start":{"line":11,"column":21},"end":{"line":11,"column":41}}}},"statementMap":{"1":{"start":{"line":3,"column":0},"end":{"line":3,"column":54}},"2":{"start":{"line":4,"column":0},"end":{"line":4,"column":54}},"3":{"start":{"line":5,"column":0},"end":{"line":5,"column":62}},"4":{"start":{"line":6,"column":0},"end":{"line":6,"column":55}},"5":{"start":{"line":10,"column":0},"end":{"line":31,"column":2}},"6":{"start":{"line":11,"column":2},"end":{"line":15,"column":5}},"7":{"start":{"line":12,"column":4},"end":{"line":14,"column":7}},"8":{"start":{"line":16,"column":2},"end":{"line":16,"column":63}},"9":{"start":{"line":17,"column":2},"end":{"line":17,"column":53}},"10":{"start":{"line":18,"column":2},"end":{"line":18,"column":67}},"11":{"start":{"line":19,"column":2},"end":{"line":19,"column":62}},"12":{"start":{"line":20,"column":2},"end":{"line":20,"column":67}},"13":{"start":{"line":21,"column":2},"end":{"line":21,"column":66}},"14":{"start":{"line":22,"column":2},"end":{"line":22,"column":74}},"15":{"start":{"line":23,"column":2},"end":{"line":23,"column":69}},"16":{"start":{"line":24,"column":2},"end":{"line":24,"column":76}},"17":{"start":{"line":25,"column":2},"end":{"line":25,"column":90}},"18":{"start":{"line":26,"column":2},"end":{"line":26,"column":79}},"19":{"start":{"line":27,"column":2},"end":{"line":27,"column":79}},"20":{"start":{"line":28,"column":2},"end":{"line":28,"column":82}},"21":{"start":{"line":29,"column":2},"end":{"line":29,"column":89}},"22":{"start":{"line":30,"column":2},"end":{"line":30,"column":85}}},"branchMap":{},"l":{"3":1,"4":1,"5":1,"6":1,"10":1,"11":1,"12":0,"16":1,"17":1,"18":1,"19":1,"20":1,"21":1,"22":1,"23":1,"24":1,"25":1,"26":1,"27":1,"28":1,"29":1,"30":1}},
"/Users/andeladeveloper/Desktop/Document_Manager/build/helper/auth.js":{"path":"/Users/andeladeveloper/Desktop/Document_Manager/build/helper/auth.js","s":{"1":1,"2":1,"3":1,"4":1,"5":1,"6":1,"7":1,"8":1,"9":1,"10":0,"11":0,"12":7,"13":7,"14":7,"15":6,"16":6,"17":0,"18":6,"19":6,"20":1},"b":{"1":[0,1],"2":[1,1],"3":[7,7,7],"4":[6,1],"5":[0,6]},"f":{"1":1,"2":0,"3":7,"4":6},"fnMap":{"1":{"name":"_interopRequireDefault","line":7,"loc":{"start":{"line":7,"column":0},"end":{"line":7,"column":37}}},"2":{"name":"setUserToken","line":14,"loc":{"start":{"line":14,"column":16},"end":{"line":14,"column":44}}},"3":{"name":"authorize","line":19,"loc":{"start":{"line":19,"column":13},"end":{"line":19,"column":48}}},"4":{"name":"(anonymous_4)","line":23,"loc":{"start":{"line":23,"column":44},"end":{"line":23,"column":68}}}},"statementMap":{"1":{"start":{"line":3,"column":0},"end":{"line":3,"column":32}},"2":{"start":{"line":5,"column":0},"end":{"line":5,"column":47}},"3":{"start":{"line":7,"column":0},"end":{"line":7,"column":95}},"4":{"start":{"line":7,"column":39},"end":{"line":7,"column":93}},"5":{"start":{"line":9,"column":0},"end":{"line":9,"column":34}},"6":{"start":{"line":10,"column":0},"end":{"line":10,"column":26}},"7":{"start":{"line":11,"column":0},"end":{"line":11,"column":36}},"8":{"start":{"line":12,"column":0},"end":{"line":12,"column":24}},"9":{"start":{"line":13,"column":0},"end":{"line":34,"column":2}},"10":{"start":{"line":15,"column":4},"end":{"line":16,"column":62}},"11":{"start":{"line":17,"column":4},"end":{"line":17,"column":21}},"12":{"start":{"line":20,"column":4},"end":{"line":20,"column":41}},"13":{"start":{"line":21,"column":4},"end":{"line":21,"column":72}},"14":{"start":{"line":22,"column":4},"end":{"line":32,"column":5}},"15":{"start":{"line":23,"column":6},"end":{"line":29,"column":9}},"16":{"start":{"line":24,"column":8},"end":{"line":26,"column":9}},"17":{"start":{"line":25,"column":10},"end":{"line":25,"column":43}},"18":{"start":{"line":27,"column":8},"end":{"line":27,"column":30}},"19":{"start":{"line":28,"column":8},"end":{"line":28,"column":22}},"20":{"start":{"line":31,"column":6},"end":{"line":31,"column":49}}},"branchMap":{"1":{"line":7,"type":"cond-expr","locations":[{"start":{"line":7,"column":70},"end":{"line":7,"column":73}},{"start":{"line":7,"column":76},"end":{"line":7,"column":92}}]},"2":{"line":7,"type":"binary-expr","locations":[{"start":{"line":7,"column":46},"end":{"line":7,"column":49}},{"start":{"line":7,"column":53},"end":{"line":7,"column":67}}]},"3":{"line":21,"type":"binary-expr","locations":[{"start":{"line":21,"column":16},"end":{"line":21,"column":30}},{"start":{"line":21,"column":34},"end":{"line":21,"column":63}},{"start":{"line":21,"column":67},"end":{"line":21,"column":71}}]},"4":{"line":22,"type":"if","locations":[{"start":{"line":22,"column":4},"end":{"line":22,"column":4}},{"start":{"line":22,"column":4},"end":{"line":22,"column":4}}]},"5":{"line":24,"type":"if","locations":[{"start":{"line":24,"column":8},"end":{"line":24,"column":8}},{"start":{"line":24,"column":8},"end":{"line":24,"column":8}}]}},"l":{"3":1,"5":1,"7":1,"9":1,"10":1,"11":1,"12":1,"13":1,"15":0,"17":0,"20":7,"21":7,"22":7,"23":6,"24":6,"25":0,"27":6,"28":6,"31":1}},
"/Users/andeladeveloper/Desktop/Document_Manager/build/server.js":{"path":"/Users/andeladeveloper/Desktop/Document_Manager/build/server.js","s":{"1":1,"2":1,"3":1,"4":1,"5":1,"6":1,"7":1,"8":1},"b":{"1":[1,1]},"f":{},"fnMap":{},"statementMap":{"1":{"start":{"line":4,"column":0},"end":{"line":4,"column":27}},"2":{"start":{"line":5,"column":0},"end":{"line":5,"column":27}},"3":{"start":{"line":7,"column":0},"end":{"line":7,"column":50}},"4":{"start":{"line":8,"column":0},"end":{"line":8,"column":22}},"5":{"start":{"line":10,"column":0},"end":{"line":10,"column":36}},"6":{"start":{"line":11,"column":0},"end":{"line":11,"column":20}},"7":{"start":{"line":12,"column":0},"end":{"line":12,"column":40}},"8":{"start":{"line":14,"column":0},"end":{"line":14,"column":24}}},"branchMap":{"1":{"line":7,"type":"binary-expr","locations":[{"start":{"line":7,"column":11},"end":{"line":7,"column":41}},{"start":{"line":7,"column":45},"end":{"line":7,"column":49}}]}},"l":{"4":1,"5":1,"7":1,"8":1,"10":1,"11":1,"12":1,"14":1}}}
