TN:
SF:/Users/andeladeveloper/Desktop/Document_Manager/build/server.js
FNF:0
FNH:0
DA:4,1
DA:5,1
DA:7,1
DA:8,1
DA:10,1
DA:11,1
DA:12,1
DA:14,1
LF:8
LH:8
BRDA:7,1,0,1
BRDA:7,1,1,1
BRF:2
BRH:2
end_of_record
TN:
SF:/Users/andeladeveloper/Desktop/Document_Manager/build/app.js
FN:17,errorFormatter
FN:35,(anonymous_2)
FNF:2
FNH:1
FNDA:24,errorFormatter
FNDA:0,(anonymous_2)
DA:3,1
DA:4,1
DA:5,1
DA:6,1
DA:8,1
DA:10,1
DA:12,1
DA:15,1
DA:16,1
DA:18,24
DA:19,24
DA:20,24
DA:21,24
DA:22,0
DA:24,24
DA:33,1
DA:35,1
DA:36,0
DA:41,1
LF:19
LH:17
BRF:0
BRH:0
end_of_record
TN:
SF:/Users/andeladeveloper/Desktop/Document_Manager/build/route/index.js
FN:10,(anonymous_1)
FN:11,(anonymous_2)
FNF:2
FNH:1
FNDA:1,(anonymous_1)
FNDA:0,(anonymous_2)
DA:3,1
DA:4,1
DA:5,1
DA:6,1
DA:10,1
DA:11,1
DA:12,0
DA:16,1
DA:17,1
DA:18,1
DA:19,1
DA:20,1
DA:21,1
DA:22,1
DA:23,1
DA:24,1
DA:25,1
DA:26,1
DA:27,1
DA:28,1
DA:29,1
DA:30,1
DA:31,1
DA:32,1
LF:24
LH:23
BRF:0
BRH:0
end_of_record
TN:
SF:/Users/andeladeveloper/Desktop/Document_Manager/build/controllers/index.js
FNF:0
FNH:0
DA:3,1
DA:4,1
DA:5,1
DA:7,1
LF:4
LH:4
BRF:0
BRH:0
end_of_record
TN:
SF:/Users/andeladeveloper/Desktop/Document_Manager/build/controllers/roles.js
FN:7,getAllRoles
FN:11,(anonymous_2)
FN:13,(anonymous_3)
FN:19,create
FN:24,(anonymous_5)
FN:26,(anonymous_6)
FN:32,updateRole
FN:41,(anonymous_8)
FN:43,(anonymous_9)
FN:54,(anonymous_10)
FNF:10
FNH:7
FNDA:2,getAllRoles
FNDA:1,(anonymous_2)
FNDA:0,(anonymous_3)
FNDA:1,create
FNDA:1,(anonymous_5)
FNDA:0,(anonymous_6)
FNDA:3,updateRole
FNDA:2,(anonymous_8)
FNDA:1,(anonymous_9)
FNDA:0,(anonymous_10)
DA:3,1
DA:4,1
DA:6,1
DA:9,2
DA:10,2
DA:11,1
DA:12,1
DA:14,0
DA:17,1
DA:20,1
DA:21,1
DA:22,1
DA:25,1
DA:27,0
DA:30,0
DA:33,3
DA:34,3
DA:35,3
DA:36,2
DA:42,2
DA:43,1
DA:44,1
DA:49,1
DA:52,1
DA:55,0
DA:58,1
LF:26
LH:22
BRDA:10,1,0,1
BRDA:10,1,1,1
BRDA:21,2,0,1
BRDA:21,2,1,0
BRDA:35,3,0,2
BRDA:35,3,1,1
BRDA:42,4,0,1
BRDA:42,4,1,1
BRF:8
BRH:7
end_of_record
TN:
SF:/Users/andeladeveloper/Desktop/Document_Manager/build/models/index.js
FN:21,(anonymous_1)
FN:23,(anonymous_2)
FN:28,(anonymous_3)
FNF:3
FNH:3
FNDA:4,(anonymous_1)
FNDA:3,(anonymous_2)
FNDA:3,(anonymous_3)
DA:3,1
DA:4,1
DA:5,1
DA:7,1
DA:8,1
DA:10,1
DA:12,1
DA:14,1
DA:15,1
DA:16,0
DA:18,1
DA:21,1
DA:22,4
DA:24,3
DA:25,3
DA:28,1
DA:29,3
DA:30,0
DA:34,1
DA:35,1
DA:37,1
LF:21
LH:19
BRDA:8,1,0,1
BRDA:8,1,1,0
BRDA:15,2,0,0
BRDA:15,2,1,1
BRDA:22,3,0,4
BRDA:22,3,1,4
BRDA:22,3,2,3
BRDA:29,4,0,0
BRDA:29,4,1,3
BRF:9
BRH:6
end_of_record
TN:
SF:/Users/andeladeveloper/Desktop/Document_Manager/build/models/document.js
FN:3,(anonymous_1)
FN:12,associate
FNF:2
FNH:1
FNDA:1,(anonymous_1)
FNDA:0,associate
DA:3,1
DA:4,1
DA:13,0
DA:17,0
DA:24,1
LF:5
LH:3
BRF:0
BRH:0
end_of_record
TN:
SF:/Users/andeladeveloper/Desktop/Document_Manager/build/models/role.js
FN:3,(anonymous_1)
FN:8,associate
FNF:2
FNH:1
FNDA:1,(anonymous_1)
FNDA:0,associate
DA:3,1
DA:4,1
DA:10,0
DA:15,0
DA:22,1
LF:5
LH:3
BRF:0
BRH:0
end_of_record
TN:
SF:/Users/andeladeveloper/Desktop/Document_Manager/build/models/user.js
FN:3,(anonymous_1)
FN:11,associate
FNF:2
FNH:1
FNDA:1,(anonymous_1)
FNDA:0,associate
DA:3,1
DA:4,1
DA:13,0
DA:17,0
DA:24,1
LF:5
LH:3
BRF:0
BRH:0
end_of_record
TN:
SF:/Users/andeladeveloper/Desktop/Document_Manager/build/controllers/users.js
FN:10,addUser
FN:11,(anonymous_2)
FN:19,(anonymous_3)
FN:21,(anonymous_4)
FN:30,(anonymous_5)
FN:50,(anonymous_6)
FN:59,logginUser
FN:64,(anonymous_8)
FN:77,(anonymous_9)
FN:81,getUser
FN:86,(anonymous_11)
FN:88,(anonymous_12)
FN:92,getAllUsers
FN:93,(anonymous_14)
FN:95,(anonymous_15)
FN:99,updateUser
FN:104,(anonymous_17)
FN:110,(anonymous_18)
FN:118,(anonymous_19)
FN:122,searchUsers
FN:139,(anonymous_21)
FN:152,deleteUser
FN:157,(anonymous_23)
FN:170,(anonymous_24)
FNF:24
FNH:18
FNDA:4,addUser
FNDA:4,(anonymous_2)
FNDA:3,(anonymous_3)
FNDA:3,(anonymous_4)
FNDA:3,(anonymous_5)
FNDA:0,(anonymous_6)
FNDA:2,logginUser
FNDA:2,(anonymous_8)
FNDA:0,(anonymous_9)
FNDA:1,getUser
FNDA:1,(anonymous_11)
FNDA:0,(anonymous_12)
FNDA:1,getAllUsers
FNDA:1,(anonymous_14)
FNDA:0,(anonymous_15)
FNDA:1,updateUser
FNDA:1,(anonymous_17)
FNDA:1,(anonymous_18)
FNDA:0,(anonymous_19)
FNDA:2,searchUsers
FNDA:2,(anonymous_21)
FNDA:2,deleteUser
FNDA:2,(anonymous_23)
FNDA:0,(anonymous_24)
DA:3,1
DA:4,1
DA:5,1
DA:6,1
DA:7,1
DA:9,1
DA:11,4
DA:12,4
DA:13,4
DA:14,4
DA:15,1
DA:16,1
DA:18,3
DA:19,3
DA:20,3
DA:21,3
DA:22,3
DA:23,0
DA:25,3
DA:26,3
DA:31,3
DA:32,3
DA:33,3
DA:34,3
DA:39,3
DA:40,3
DA:46,3
DA:51,0
DA:55,0
DA:60,2
DA:65,2
DA:66,2
DA:67,2
DA:68,2
DA:69,2
DA:74,2
DA:75,2
DA:78,0
DA:82,1
DA:87,1
DA:89,0
DA:93,1
DA:94,1
DA:96,0
DA:100,1
DA:105,1
DA:111,1
DA:116,1
DA:119,0
DA:123,2
DA:124,2
DA:126,2
DA:136,2
DA:137,2
DA:138,2
DA:139,2
DA:140,2
DA:141,2
DA:142,2
DA:143,1
DA:147,1
DA:153,2
DA:158,2
DA:159,1
DA:164,1
DA:166,1
DA:171,0
LF:67
LH:59
BRDA:14,1,0,1
BRDA:14,1,1,3
BRDA:20,2,0,3
BRDA:20,2,1,0
BRDA:22,3,0,0
BRDA:22,3,1,3
BRDA:65,4,0,2
BRDA:65,4,1,0
BRDA:106,5,0,1
BRDA:106,5,1,0
BRDA:107,6,0,1
BRDA:107,6,1,1
BRDA:108,7,0,1
BRDA:108,7,1,1
BRDA:136,8,0,0
BRDA:136,8,1,2
BRDA:137,9,0,0
BRDA:137,9,1,2
BRDA:142,10,0,1
BRDA:142,10,1,1
BRDA:158,11,0,1
BRDA:158,11,1,1
BRF:22
BRH:16
end_of_record
TN:
SF:/Users/andeladeveloper/Desktop/Document_Manager/build/helper/profile.js
FN:9,verifyUserParams
FN:16,verifyDocParams
FNF:2
FNH:2
FNDA:4,verifyUserParams
FNDA:2,verifyDocParams
DA:9,1
DA:10,4
DA:11,4
DA:12,4
DA:13,4
DA:14,4
DA:16,1
DA:17,2
DA:18,2
DA:19,2
DA:20,2
DA:21,2
DA:24,1
LF:13
LH:13
BRF:0
BRH:0
end_of_record
TN:
SF:/Users/andeladeveloper/Desktop/Document_Manager/build/helper/pagination.js
FN:3,(anonymous_1)
FN:3,defineProperties
FN:3,(anonymous_3)
FN:5,_classCallCheck
FN:12,(anonymous_5)
FN:13,Helper
FN:28,pagination
FNF:7
FNH:5
FNDA:1,(anonymous_1)
FNDA:1,defineProperties
FNDA:1,(anonymous_3)
FNDA:0,_classCallCheck
FNDA:1,(anonymous_5)
FNDA:0,Helper
FNDA:4,pagination
DA:3,1
DA:5,1
DA:12,1
DA:13,1
DA:14,0
DA:17,1
DA:34,4
DA:35,4
DA:36,4
DA:37,4
DA:38,4
DA:39,4
DA:40,4
DA:41,4
DA:42,0
DA:43,0
DA:45,4
DA:49,1
DA:52,1
LF:19
LH:16
BRDA:3,1,0,1
BRDA:3,1,1,1
BRDA:3,2,0,1
BRDA:3,2,1,0
BRDA:3,3,0,0
BRDA:3,3,1,1
BRDA:3,4,0,1
BRDA:3,4,1,0
BRDA:5,5,0,0
BRDA:5,5,1,0
BRDA:35,6,0,4
BRDA:35,6,1,0
BRDA:36,7,0,0
BRDA:36,7,1,4
BRDA:41,8,0,0
BRDA:41,8,1,4
BRDA:41,9,0,4
BRDA:41,9,1,2
BRDA:42,10,0,0
BRDA:42,10,1,0
BRF:20
BRH:10
end_of_record
TN:
SF:/Users/andeladeveloper/Desktop/Document_Manager/build/controllers/documents.js
FN:15,addDocument
FN:16,(anonymous_2)
FN:28,(anonymous_3)
FN:33,(anonymous_4)
FN:44,getDocument
FN:45,(anonymous_6)
FN:47,(anonymous_7)
FN:49,(anonymous_8)
FN:58,(anonymous_9)
FN:62,(anonymous_10)
FN:77,getAllDocuments
FN:79,(anonymous_12)
FN:85,(anonymous_13)
FN:92,(anonymous_14)
FN:101,(anonymous_15)
FN:108,(anonymous_16)
FN:113,getUserDocuments
FN:114,(anonymous_18)
FN:118,(anonymous_19)
FN:125,(anonymous_20)
FN:134,(anonymous_21)
FN:136,(anonymous_22)
FN:151,updateDocument
FN:157,(anonymous_24)
FN:165,(anonymous_25)
FN:174,(anonymous_26)
FN:186,searchAllDocuments
FN:201,(anonymous_28)
FN:211,(anonymous_29)
FN:222,deleteDocument
FN:228,(anonymous_31)
FN:237,(anonymous_32)
FN:244,(anonymous_33)
FNF:33
FNH:26
FNDA:2,addDocument
FNDA:2,(anonymous_2)
FNDA:1,(anonymous_3)
FNDA:0,(anonymous_4)
FNDA:3,getDocument
FNDA:3,(anonymous_6)
FNDA:2,(anonymous_7)
FNDA:0,(anonymous_8)
FNDA:1,(anonymous_9)
FNDA:0,(anonymous_10)
FNDA:2,getAllDocuments
FNDA:2,(anonymous_12)
FNDA:1,(anonymous_13)
FNDA:0,(anonymous_14)
FNDA:1,(anonymous_15)
FNDA:0,(anonymous_16)
FNDA:4,getUserDocuments
FNDA:4,(anonymous_18)
FNDA:2,(anonymous_19)
FNDA:0,(anonymous_20)
FNDA:1,(anonymous_21)
FNDA:1,(anonymous_22)
FNDA:2,updateDocument
FNDA:2,(anonymous_24)
FNDA:1,(anonymous_25)
FNDA:1,(anonymous_26)
FNDA:2,searchAllDocuments
FNDA:2,(anonymous_28)
FNDA:0,(anonymous_29)
FNDA:3,deleteDocument
FNDA:3,(anonymous_31)
FNDA:1,(anonymous_32)
FNDA:2,(anonymous_33)
DA:3,1
DA:4,1
DA:5,1
DA:6,1
DA:8,1
DA:16,2
DA:17,2
DA:18,2
DA:19,2
DA:20,1
DA:22,1
DA:29,1
DA:34,0
DA:45,3
DA:46,3
DA:47,2
DA:48,2
DA:50,0
DA:53,1
DA:59,1
DA:60,1
DA:63,0
DA:78,2
DA:79,2
DA:80,2
DA:81,1
DA:86,1
DA:87,0
DA:91,1
DA:93,0
DA:96,1
DA:102,1
DA:103,0
DA:107,1
DA:109,0
DA:114,4
DA:115,4
DA:116,2
DA:119,2
DA:120,1
DA:124,1
DA:126,0
DA:129,2
DA:135,1
DA:137,1
DA:152,2
DA:158,2
DA:159,1
DA:166,1
DA:171,1
DA:175,1
DA:187,2
DA:188,2
DA:198,2
DA:199,2
DA:200,2
DA:201,2
DA:202,2
DA:203,2
DA:204,1
DA:208,1
DA:212,0
DA:223,3
DA:229,3
DA:230,1
DA:238,1
DA:243,1
DA:245,2
LF:68
LH:59
BRDA:19,1,0,1
BRDA:19,1,1,1
BRDA:46,2,0,2
BRDA:46,2,1,1
BRDA:59,3,0,1
BRDA:59,3,1,0
BRDA:80,4,0,1
BRDA:80,4,1,1
BRDA:83,5,0,1
BRDA:83,5,1,1
BRDA:84,6,0,1
BRDA:84,6,1,1
BRDA:86,7,0,0
BRDA:86,7,1,1
BRDA:99,8,0,1
BRDA:99,8,1,1
BRDA:100,9,0,1
BRDA:100,9,1,1
BRDA:102,10,0,0
BRDA:102,10,1,1
BRDA:115,11,0,2
BRDA:115,11,1,2
BRDA:119,12,0,1
BRDA:119,12,1,1
BRDA:158,13,0,1
BRDA:158,13,1,0
BRDA:160,14,0,1
BRDA:160,14,1,0
BRDA:161,15,0,1
BRDA:161,15,1,0
BRDA:163,16,0,1
BRDA:163,16,1,0
BRDA:198,17,0,0
BRDA:198,17,1,2
BRDA:199,18,0,0
BRDA:199,18,1,2
BRDA:203,19,0,1
BRDA:203,19,1,1
BRDA:229,20,0,1
BRDA:229,20,1,0
BRF:40
BRH:30
end_of_record
TN:
SF:/Users/andeladeveloper/Desktop/Document_Manager/build/helper/auth.js
FN:7,_interopRequireDefault
FN:15,setUserToken
FN:20,authorize
FN:24,(anonymous_4)
FNF:4
FNH:3
FNDA:1,_interopRequireDefault
FNDA:0,setUserToken
FNDA:33,authorize
FNDA:32,(anonymous_4)
DA:3,1
DA:5,1
DA:7,1
DA:9,1
DA:11,1
DA:12,1
DA:14,1
DA:16,0
DA:18,0
DA:21,33
DA:22,33
DA:23,33
DA:24,32
DA:25,32
DA:26,1
DA:29,1
DA:31,31
DA:32,31
DA:35,1
LF:19
LH:17
BRDA:7,1,0,0
BRDA:7,1,1,1
BRDA:7,2,0,1
BRDA:7,2,1,1
BRDA:22,3,0,33
BRDA:22,3,1,33
BRDA:22,3,2,33
BRDA:23,4,0,32
BRDA:23,4,1,1
BRDA:25,5,0,1
BRDA:25,5,1,31
BRF:11
BRH:10
end_of_record
