TN:
SF:/Users/andeladeveloper/Desktop/Document_Manager/build/controllers/index.js
FNF:0
FNH:0
DA:3,1
DA:4,1
DA:5,1
DA:7,1
LF:4
LH:4
BRF:0
BRH:0
end_of_record
TN:
SF:/Users/andeladeveloper/Desktop/Document_Manager/build/controllers/roles.js
FN:6,create
FN:11,(anonymous_2)
FN:13,(anonymous_3)
FNF:3
FNH:0
FNDA:0,create
FNDA:0,(anonymous_2)
FNDA:0,(anonymous_3)
DA:3,1
DA:5,1
DA:7,0
DA:8,0
DA:9,0
DA:12,0
DA:14,0
DA:17,0
LF:8
LH:2
BRDA:8,1,0,0
BRDA:8,1,1,0
BRF:2
BRH:0
end_of_record
TN:
SF:/Users/andeladeveloper/Desktop/Document_Manager/build/models/index.js
FN:21,(anonymous_1)
FN:23,(anonymous_2)
FN:28,(anonymous_3)
FNF:3
FNH:3
FNDA:4,(anonymous_1)
FNDA:3,(anonymous_2)
FNDA:3,(anonymous_3)
DA:3,1
DA:4,1
DA:5,1
DA:7,1
DA:8,1
DA:10,1
DA:12,1
DA:14,1
DA:15,1
DA:16,0
DA:18,1
DA:21,1
DA:22,4
DA:24,3
DA:25,3
DA:28,1
DA:29,3
DA:30,0
DA:34,1
DA:35,1
DA:37,1
LF:21
LH:19
BRDA:8,1,0,1
BRDA:8,1,1,0
BRDA:15,2,0,0
BRDA:15,2,1,1
BRDA:22,3,0,4
BRDA:22,3,1,4
BRDA:22,3,2,3
BRDA:29,4,0,0
BRDA:29,4,1,3
BRF:9
BRH:6
end_of_record
TN:
SF:/Users/andeladeveloper/Desktop/Document_Manager/build/models/document.js
FN:3,(anonymous_1)
FN:12,associate
FNF:2
FNH:1
FNDA:1,(anonymous_1)
FNDA:0,associate
DA:3,1
DA:4,1
DA:13,0
DA:17,0
DA:24,1
LF:5
LH:3
BRF:0
BRH:0
end_of_record
TN:
SF:/Users/andeladeveloper/Desktop/Document_Manager/build/models/role.js
FN:3,(anonymous_1)
FN:8,associate
FNF:2
FNH:1
FNDA:1,(anonymous_1)
FNDA:0,associate
DA:3,1
DA:4,1
DA:10,0
DA:15,0
DA:22,1
LF:5
LH:3
BRF:0
BRH:0
end_of_record
TN:
SF:/Users/andeladeveloper/Desktop/Document_Manager/build/models/user.js
FN:3,(anonymous_1)
FN:11,associate
FNF:2
FNH:1
FNDA:1,(anonymous_1)
FNDA:0,associate
DA:3,1
DA:4,1
DA:13,0
DA:17,0
DA:24,1
LF:5
LH:3
BRF:0
BRH:0
end_of_record
TN:
SF:/Users/andeladeveloper/Desktop/Document_Manager/build/controllers/users.js
FN:11,addUser
FN:12,(anonymous_2)
FN:20,(anonymous_3)
FN:22,(anonymous_4)
FN:31,(anonymous_5)
FN:51,(anonymous_6)
FN:60,logginUser
FN:65,(anonymous_8)
FN:79,(anonymous_9)
FN:83,getUser
FN:88,(anonymous_11)
FN:90,(anonymous_12)
FN:94,getAllUsers
FN:95,(anonymous_14)
FN:97,(anonymous_15)
FN:101,updateUser
FN:106,(anonymous_17)
FN:112,(anonymous_18)
FN:120,(anonymous_19)
FN:124,searchUsers
FN:143,(anonymous_21)
FN:155,deleteUser
FN:160,(anonymous_23)
FN:167,(anonymous_24)
FNF:24
FNH:11
FNDA:3,addUser
FNDA:3,(anonymous_2)
FNDA:2,(anonymous_3)
FNDA:2,(anonymous_4)
FNDA:2,(anonymous_5)
FNDA:0,(anonymous_6)
FNDA:1,logginUser
FNDA:1,(anonymous_8)
FNDA:0,(anonymous_9)
FNDA:1,getUser
FNDA:1,(anonymous_11)
FNDA:0,(anonymous_12)
FNDA:1,getAllUsers
FNDA:1,(anonymous_14)
FNDA:0,(anonymous_15)
FNDA:0,updateUser
FNDA:0,(anonymous_17)
FNDA:0,(anonymous_18)
FNDA:0,(anonymous_19)
FNDA:0,searchUsers
FNDA:0,(anonymous_21)
FNDA:0,deleteUser
FNDA:0,(anonymous_23)
FNDA:0,(anonymous_24)
DA:3,1
DA:4,1
DA:5,1
DA:6,1
DA:7,1
DA:8,1
DA:10,1
DA:12,3
DA:13,3
DA:14,3
DA:15,3
DA:16,1
DA:17,1
DA:19,2
DA:20,2
DA:21,2
DA:22,2
DA:23,2
DA:24,0
DA:26,2
DA:27,2
DA:32,2
DA:33,2
DA:34,2
DA:35,2
DA:40,2
DA:41,2
DA:47,2
DA:52,0
DA:56,0
DA:61,1
DA:66,1
DA:67,1
DA:68,1
DA:69,1
DA:70,1
DA:71,1
DA:76,1
DA:77,1
DA:80,0
DA:84,1
DA:89,1
DA:91,0
DA:95,1
DA:96,1
DA:98,0
DA:102,0
DA:107,0
DA:113,0
DA:118,0
DA:121,0
DA:125,0
DA:127,0
DA:140,0
DA:141,0
DA:142,0
DA:143,0
DA:144,0
DA:145,0
DA:146,0
DA:150,0
DA:156,0
DA:161,0
DA:166,0
DA:168,0
LF:65
LH:40
BRDA:15,1,0,1
BRDA:15,1,1,2
BRDA:21,2,0,2
BRDA:21,2,1,0
BRDA:23,3,0,0
BRDA:23,3,1,2
BRDA:67,4,0,1
BRDA:67,4,1,0
BRDA:140,5,0,0
BRDA:140,5,1,0
BRDA:141,6,0,0
BRDA:141,6,1,0
BRDA:145,7,0,0
BRDA:145,7,1,0
BRF:14
BRH:5
end_of_record
TN:
SF:/Users/andeladeveloper/Desktop/Document_Manager/build/helper/profile.js
FN:9,verifyUserParams
FN:16,verifyDocParams
FNF:2
FNH:2
FNDA:3,verifyUserParams
FNDA:3,verifyDocParams
DA:9,1
DA:10,3
DA:11,3
DA:12,3
DA:13,3
DA:14,3
DA:16,1
DA:17,3
DA:18,3
DA:19,3
DA:20,3
DA:21,3
DA:24,1
LF:13
LH:13
BRF:0
BRH:0
end_of_record
TN:
SF:/Users/andeladeveloper/Desktop/Document_Manager/build/helper/pagination.js
FN:3,(anonymous_1)
FN:3,defineProperties
FN:3,(anonymous_3)
FN:5,_classCallCheck
FN:12,(anonymous_5)
FN:13,Helper
FN:28,pagination
FNF:7
FNH:4
FNDA:1,(anonymous_1)
FNDA:1,defineProperties
FNDA:1,(anonymous_3)
FNDA:0,_classCallCheck
FNDA:1,(anonymous_5)
FNDA:0,Helper
FNDA:0,pagination
DA:3,1
DA:5,1
DA:12,1
DA:13,1
DA:14,0
DA:17,1
DA:34,0
DA:35,0
DA:36,0
DA:37,0
DA:38,0
DA:39,0
DA:40,0
DA:41,0
DA:42,0
DA:43,0
DA:45,0
DA:49,1
DA:52,1
LF:19
LH:7
BRDA:3,1,0,1
BRDA:3,1,1,1
BRDA:3,2,0,1
BRDA:3,2,1,0
BRDA:3,3,0,0
BRDA:3,3,1,1
BRDA:3,4,0,1
BRDA:3,4,1,0
BRDA:5,5,0,0
BRDA:5,5,1,0
BRDA:35,6,0,0
BRDA:35,6,1,0
BRDA:36,7,0,0
BRDA:36,7,1,0
BRDA:41,8,0,0
BRDA:41,8,1,0
BRDA:41,9,0,0
BRDA:41,9,1,0
BRDA:42,10,0,0
BRDA:42,10,1,0
BRF:20
BRH:5
end_of_record
TN:
SF:/Users/andeladeveloper/Desktop/Document_Manager/build/controllers/documents.js
FN:15,addDocument
FN:16,(anonymous_2)
FN:28,(anonymous_3)
FN:33,(anonymous_4)
FN:44,getDocument
FN:45,(anonymous_6)
FN:47,(anonymous_7)
FN:49,(anonymous_8)
FN:58,(anonymous_9)
FN:60,(anonymous_10)
FN:72,getAllDocuments
FN:75,(anonymous_12)
FN:83,(anonymous_13)
FN:90,(anonymous_14)
FN:100,(anonymous_15)
FN:107,(anonymous_16)
FN:112,getUserDocuments
FN:113,(anonymous_18)
FN:117,(anonymous_19)
FN:124,(anonymous_20)
FN:133,(anonymous_21)
FN:135,(anonymous_22)
FN:147,updateDocument
FN:153,(anonymous_24)
FN:160,(anonymous_25)
FN:168,(anonymous_26)
FN:180,searchAllDocuments
FN:195,(anonymous_28)
FN:205,(anonymous_29)
FN:216,deleteDocument
FN:222,(anonymous_31)
FN:229,(anonymous_32)
FNF:32
FNH:5
FNDA:3,addDocument
FNDA:3,(anonymous_2)
FNDA:2,(anonymous_3)
FNDA:0,(anonymous_4)
FNDA:0,getDocument
FNDA:0,(anonymous_6)
FNDA:0,(anonymous_7)
FNDA:0,(anonymous_8)
FNDA:0,(anonymous_9)
FNDA:0,(anonymous_10)
FNDA:1,getAllDocuments
FNDA:1,(anonymous_12)
FNDA:0,(anonymous_13)
FNDA:0,(anonymous_14)
FNDA:0,(anonymous_15)
FNDA:0,(anonymous_16)
FNDA:0,getUserDocuments
FNDA:0,(anonymous_18)
FNDA:0,(anonymous_19)
FNDA:0,(anonymous_20)
FNDA:0,(anonymous_21)
FNDA:0,(anonymous_22)
FNDA:0,updateDocument
FNDA:0,(anonymous_24)
FNDA:0,(anonymous_25)
FNDA:0,(anonymous_26)
FNDA:0,searchAllDocuments
FNDA:0,(anonymous_28)
FNDA:0,(anonymous_29)
FNDA:0,deleteDocument
FNDA:0,(anonymous_31)
FNDA:0,(anonymous_32)
DA:3,1
DA:4,1
DA:5,1
DA:6,1
DA:8,1
DA:16,3
DA:17,3
DA:18,3
DA:19,3
DA:20,1
DA:22,2
DA:29,2
DA:34,0
DA:45,0
DA:46,0
DA:47,0
DA:48,0
DA:50,0
DA:53,0
DA:59,0
DA:61,0
DA:73,1
DA:74,1
DA:75,1
DA:76,1
DA:77,1
DA:79,0
DA:84,0
DA:85,0
DA:89,0
DA:91,0
DA:94,1
DA:95,1
DA:101,0
DA:102,0
DA:106,0
DA:108,0
DA:113,0
DA:114,0
DA:115,0
DA:118,0
DA:119,0
DA:123,0
DA:125,0
DA:128,0
DA:134,0
DA:136,0
DA:148,0
DA:154,0
DA:161,0
DA:166,0
DA:169,0
DA:181,0
DA:182,0
DA:192,0
DA:193,0
DA:194,0
DA:195,0
DA:196,0
DA:197,0
DA:198,0
DA:202,0
DA:206,0
DA:217,0
DA:223,0
DA:228,0
DA:230,0
LF:67
LH:19
BRDA:19,1,0,1
BRDA:19,1,1,2
BRDA:46,2,0,0
BRDA:46,2,1,0
BRDA:77,3,0,0
BRDA:77,3,1,1
BRDA:81,4,0,0
BRDA:81,4,1,0
BRDA:82,5,0,0
BRDA:82,5,1,0
BRDA:84,6,0,0
BRDA:84,6,1,0
BRDA:98,7,0,0
BRDA:98,7,1,0
BRDA:99,8,0,0
BRDA:99,8,1,0
BRDA:101,9,0,0
BRDA:101,9,1,0
BRDA:114,10,0,0
BRDA:114,10,1,0
BRDA:118,11,0,0
BRDA:118,11,1,0
BRDA:192,12,0,0
BRDA:192,12,1,0
BRDA:193,13,0,0
BRDA:193,13,1,0
BRDA:197,14,0,0
BRDA:197,14,1,0
BRF:28
BRH:3
end_of_record
TN:
SF:/Users/andeladeveloper/Desktop/Document_Manager/build/app.js
FN:17,errorFormatter
FN:35,(anonymous_2)
FNF:2
FNH:1
FNDA:24,errorFormatter
FNDA:0,(anonymous_2)
DA:3,1
DA:4,1
DA:5,1
DA:6,1
DA:8,1
DA:10,1
DA:12,1
DA:15,1
DA:16,1
DA:18,24
DA:19,24
DA:20,24
DA:21,24
DA:22,0
DA:24,24
DA:33,1
DA:35,1
DA:36,0
DA:41,1
LF:19
LH:17
BRF:0
BRH:0
end_of_record
TN:
SF:/Users/andeladeveloper/Desktop/Document_Manager/build/route/index.js
FN:10,(anonymous_1)
FN:11,(anonymous_2)
FNF:2
FNH:1
FNDA:1,(anonymous_1)
FNDA:0,(anonymous_2)
DA:3,1
DA:4,1
DA:5,1
DA:6,1
DA:10,1
DA:11,1
DA:12,0
DA:16,1
DA:17,1
DA:18,1
DA:19,1
DA:20,1
DA:21,1
DA:22,1
DA:23,1
DA:24,1
DA:25,1
DA:26,1
DA:27,1
DA:28,1
DA:29,1
DA:30,1
LF:22
LH:21
BRF:0
BRH:0
end_of_record
TN:
SF:/Users/andeladeveloper/Desktop/Document_Manager/build/helper/auth.js
FN:7,_interopRequireDefault
FN:14,setUserToken
FN:19,authorize
FN:23,(anonymous_4)
FNF:4
FNH:3
FNDA:1,_interopRequireDefault
FNDA:0,setUserToken
FNDA:7,authorize
FNDA:6,(anonymous_4)
DA:3,1
DA:5,1
DA:7,1
DA:9,1
DA:10,1
DA:11,1
DA:12,1
DA:13,1
DA:15,0
DA:17,0
DA:20,7
DA:21,7
DA:22,7
DA:23,6
DA:24,6
DA:25,0
DA:27,6
DA:28,6
DA:31,1
LF:19
LH:16
BRDA:7,1,0,0
BRDA:7,1,1,1
BRDA:7,2,0,1
BRDA:7,2,1,1
BRDA:21,3,0,7
BRDA:21,3,1,7
BRDA:21,3,2,7
BRDA:22,4,0,6
BRDA:22,4,1,1
BRDA:24,5,0,0
BRDA:24,5,1,6
BRF:11
BRH:9
end_of_record
TN:
SF:/Users/andeladeveloper/Desktop/Document_Manager/build/server.js
FNF:0
FNH:0
DA:4,1
DA:5,1
DA:7,1
DA:8,1
DA:10,1
DA:11,1
DA:12,1
DA:14,1
LF:8
LH:8
BRDA:7,1,0,1
BRDA:7,1,1,1
BRF:2
BRH:2
end_of_record
